2024-01-26 15:24:03 0 [Note] Starting MariaDB 10.4.32-MariaDB source revision c4143f909528e3fab0677a28631d10389354c491 as process 10920
2024-01-26 15:24:03 0 [Note] InnoDB: Mutexes and rw_locks use Windows interlocked functions
2024-01-26 15:24:03 0 [Note] InnoDB: Uses event mutexes
2024-01-26 15:24:03 0 [Note] InnoDB: Compressed tables use zlib 1.3
2024-01-26 15:24:03 0 [Note] InnoDB: Number of pools: 1
2024-01-26 15:24:03 0 [Note] InnoDB: Using SSE2 crc32 instructions
2024-01-26 15:24:03 0 [Note] InnoDB: Initializing buffer pool, total size = 16M, instances = 1, chunk size = 16M
2024-01-26 15:24:03 0 [Note] InnoDB: Completed initialization of buffer pool
2024-01-26 15:24:03 0 [Note] InnoDB: Starting crash recovery from checkpoint LSN=300288
2024-01-26 15:24:03 0 [Note] InnoDB: 128 out of 128 rollback segments are active.
2024-01-26 15:24:03 0 [Note] InnoDB: Removed temporary tablespace data file: "ibtmp1"
2024-01-26 15:24:03 0 [Note] InnoDB: Creating shared tablespace for temporary tables
2024-01-26 15:24:03 0 [Note] InnoDB: Setting file 'C:\xampp\mysql\data\ibtmp1' size to 12 MB. Physically writing the file full; Please wait ...
2024-01-26 15:24:03 0 [Note] InnoDB: File 'C:\xampp\mysql\data\ibtmp1' size is now 12 MB.
2024-01-26 15:24:03 0 [Note] InnoDB: Waiting for purge to start
2024-01-26 15:24:03 0 [Note] InnoDB: 10.4.32 started; log sequence number 300297; transaction id 170
2024-01-26 15:24:03 0 [Note] InnoDB: Loading buffer pool(s) from C:\xampp\mysql\data\ib_buffer_pool
2024-01-26 15:24:03 0 [Note] Plugin 'FEEDBACK' is disabled.
2024-01-26 15:24:03 0 [Note] InnoDB: Buffer pool(s) load completed at 240126 15:24:03
2024-01-26 15:24:04 0 [Note] Server socket created on IP: '::'.
2024-01-27 11:08:05 0 [Note] Starting MariaDB 10.4.32-MariaDB source revision c4143f909528e3fab0677a28631d10389354c491 as process 8352
2024-01-27 11:08:05 0 [Note] InnoDB: Mutexes and rw_locks use Windows interlocked functions
2024-01-27 11:08:05 0 [Note] InnoDB: Uses event mutexes
2024-01-27 11:08:05 0 [Note] InnoDB: Compressed tables use zlib 1.3
2024-01-27 11:08:05 0 [Note] InnoDB: Number of pools: 1
2024-01-27 11:08:05 0 [Note] InnoDB: Using SSE2 crc32 instructions
2024-01-27 11:08:05 0 [Note] InnoDB: Initializing buffer pool, total size = 16M, instances = 1, chunk size = 16M
2024-01-27 11:08:05 0 [Note] InnoDB: Completed initialization of buffer pool
2024-01-27 11:08:05 0 [Note] InnoDB: Starting crash recovery from checkpoint LSN=367523
2024-01-27 11:08:05 0 [Note] InnoDB: 128 out of 128 rollback segments are active.
2024-01-27 11:08:05 0 [Note] InnoDB: Removed temporary tablespace data file: "ibtmp1"
2024-01-27 11:08:05 0 [Note] InnoDB: Creating shared tablespace for temporary tables
2024-01-27 11:08:05 0 [Note] InnoDB: Setting file 'C:\xampp\mysql\data\ibtmp1' size to 12 MB. Physically writing the file full; Please wait ...
2024-01-27 11:08:05 0 [Note] InnoDB: File 'C:\xampp\mysql\data\ibtmp1' size is now 12 MB.
2024-01-27 11:08:05 0 [Note] InnoDB: Waiting for purge to start
2024-01-27 11:08:05 0 [Note] InnoDB: 10.4.32 started; log sequence number 367532; transaction id 312
2024-01-27 11:08:05 0 [Note] InnoDB: Loading buffer pool(s) from C:\xampp\mysql\data\ib_buffer_pool
2024-01-27 11:08:05 0 [Note] Plugin 'FEEDBACK' is disabled.
2024-01-27 11:08:05 0 [Note] InnoDB: Buffer pool(s) load completed at 240127 11:08:05
2024-01-27 11:08:05 0 [Note] Server socket created on IP: '::'.
2024-01-27 14:19:37 0 [Note] Starting MariaDB 10.4.32-MariaDB source revision c4143f909528e3fab0677a28631d10389354c491 as process 16084
2024-01-27 14:19:37 0 [Note] mysqld.exe: Aria engine: starting recovery
recovered pages: 0% 100% (0.0 seconds); 
2024-01-27 14:19:37 0 [Note] mysqld.exe: Aria engine: recovery done
2024-01-27 14:19:37 0 [Note] InnoDB: Mutexes and rw_locks use Windows interlocked functions
2024-01-27 14:19:37 0 [Note] InnoDB: Uses event mutexes
2024-01-27 14:19:37 0 [Note] InnoDB: Compressed tables use zlib 1.3
2024-01-27 14:19:37 0 [Note] InnoDB: Number of pools: 1
2024-01-27 14:19:37 0 [Note] InnoDB: Using SSE2 crc32 instructions
2024-01-27 14:19:37 0 [Note] InnoDB: Initializing buffer pool, total size = 16M, instances = 1, chunk size = 16M
2024-01-27 14:19:37 0 [Note] InnoDB: Completed initialization of buffer pool
2024-01-27 14:19:37 0 [Note] InnoDB: Starting crash recovery from checkpoint LSN=367858
2024-01-27 14:19:37 0 [Note] InnoDB: 128 out of 128 rollback segments are active.
2024-01-27 14:19:37 0 [Note] InnoDB: Removed temporary tablespace data file: "ibtmp1"
2024-01-27 14:19:37 0 [Note] InnoDB: Creating shared tablespace for temporary tables
2024-01-27 14:19:37 0 [Note] InnoDB: Setting file 'C:\xampp\mysql\data\ibtmp1' size to 12 MB. Physically writing the file full; Please wait ...
2024-01-27 14:19:37 0 [Note] InnoDB: File 'C:\xampp\mysql\data\ibtmp1' size is now 12 MB.
2024-01-27 14:19:37 0 [Note] InnoDB: Waiting for purge to start
2024-01-27 14:19:37 0 [Note] InnoDB: 10.4.32 started; log sequence number 367867; transaction id 335
2024-01-27 14:19:37 0 [Note] InnoDB: Loading buffer pool(s) from C:\xampp\mysql\data\ib_buffer_pool
2024-01-27 14:19:37 0 [Note] Plugin 'FEEDBACK' is disabled.
2024-01-27 14:19:37 0 [Note] Server socket created on IP: '::'.
2024-01-27 16:08:41 0 [Note] Starting MariaDB 10.4.32-MariaDB source revision c4143f909528e3fab0677a28631d10389354c491 as process 15628
2024-01-27 16:08:41 0 [Note] InnoDB: Mutexes and rw_locks use Windows interlocked functions
2024-01-27 16:08:41 0 [Note] InnoDB: Uses event mutexes
2024-01-27 16:08:41 0 [Note] InnoDB: Compressed tables use zlib 1.3
2024-01-27 16:08:41 0 [Note] InnoDB: Number of pools: 1
2024-01-27 16:08:41 0 [Note] InnoDB: Using SSE2 crc32 instructions
2024-01-27 16:08:41 0 [Note] InnoDB: Initializing buffer pool, total size = 16M, instances = 1, chunk size = 16M
2024-01-27 16:08:41 0 [Note] InnoDB: Completed initialization of buffer pool
2024-01-27 16:08:41 0 [Note] InnoDB: Starting crash recovery from checkpoint LSN=370950
2024-01-27 16:08:41 0 [Note] InnoDB: 128 out of 128 rollback segments are active.
2024-01-27 16:08:41 0 [Note] InnoDB: Removed temporary tablespace data file: "ibtmp1"
2024-01-27 16:08:41 0 [Note] InnoDB: Creating shared tablespace for temporary tables
2024-01-27 16:08:41 0 [Note] InnoDB: Setting file 'C:\xampp\mysql\data\ibtmp1' size to 12 MB. Physically writing the file full; Please wait ...
2024-01-27 16:08:41 0 [Note] InnoDB: File 'C:\xampp\mysql\data\ibtmp1' size is now 12 MB.
2024-01-27 16:08:41 0 [Note] InnoDB: Waiting for purge to start
2024-01-27 16:08:41 0 [Note] InnoDB: 10.4.32 started; log sequence number 370959; transaction id 369
2024-01-27 16:08:41 0 [Note] InnoDB: Loading buffer pool(s) from C:\xampp\mysql\data\ib_buffer_pool
2024-01-27 16:08:41 0 [Note] Plugin 'FEEDBACK' is disabled.
2024-01-27 16:08:41 0 [Note] Server socket created on IP: '::'.
2024-01-28 20:12:49 0 [Note] Starting MariaDB 10.4.32-MariaDB source revision c4143f909528e3fab0677a28631d10389354c491 as process 15056
2024-01-28 20:12:49 0 [Note] InnoDB: Mutexes and rw_locks use Windows interlocked functions
2024-01-28 20:12:49 0 [Note] InnoDB: Uses event mutexes
2024-01-28 20:12:49 0 [Note] InnoDB: Compressed tables use zlib 1.3
2024-01-28 20:12:49 0 [Note] InnoDB: Number of pools: 1
2024-01-28 20:12:49 0 [Note] InnoDB: Using SSE2 crc32 instructions
2024-01-28 20:12:49 0 [Note] InnoDB: Initializing buffer pool, total size = 16M, instances = 1, chunk size = 16M
2024-01-28 20:12:49 0 [Note] InnoDB: Completed initialization of buffer pool
2024-01-28 20:12:49 0 [Note] InnoDB: Starting crash recovery from checkpoint LSN=436176
2024-01-28 20:12:49 0 [Note] InnoDB: 128 out of 128 rollback segments are active.
2024-01-28 20:12:49 0 [Note] InnoDB: Removed temporary tablespace data file: "ibtmp1"
2024-01-28 20:12:49 0 [Note] InnoDB: Creating shared tablespace for temporary tables
2024-01-28 20:12:49 0 [Note] InnoDB: Setting file 'C:\xampp\mysql\data\ibtmp1' size to 12 MB. Physically writing the file full; Please wait ...
2024-01-28 20:12:49 0 [Note] InnoDB: File 'C:\xampp\mysql\data\ibtmp1' size is now 12 MB.
2024-01-28 20:12:49 0 [Note] InnoDB: Waiting for purge to start
2024-01-28 20:12:49 0 [Note] InnoDB: 10.4.32 started; log sequence number 436185; transaction id 481
2024-01-28 20:12:49 0 [Note] InnoDB: Loading buffer pool(s) from C:\xampp\mysql\data\ib_buffer_pool
2024-01-28 20:12:49 0 [Note] Plugin 'FEEDBACK' is disabled.
2024-01-28 20:12:49 0 [Note] Server socket created on IP: '::'.
2024-01-28 20:13:12 0 [Note] Starting MariaDB 10.4.32-MariaDB source revision c4143f909528e3fab0677a28631d10389354c491 as process 15580
2024-01-28 20:13:12 0 [Note] mysqld.exe: Aria engine: starting recovery
recovered pages: 0% 100% (0.0 seconds); 
2024-01-28 20:13:12 0 [Note] mysqld.exe: Aria engine: recovery done
2024-01-28 20:13:12 0 [Note] InnoDB: Mutexes and rw_locks use Windows interlocked functions
2024-01-28 20:13:12 0 [Note] InnoDB: Uses event mutexes
2024-01-28 20:13:12 0 [Note] InnoDB: Compressed tables use zlib 1.3
2024-01-28 20:13:12 0 [Note] InnoDB: Number of pools: 1
2024-01-28 20:13:12 0 [Note] InnoDB: Using SSE2 crc32 instructions
2024-01-28 20:13:12 0 [Note] InnoDB: Initializing buffer pool, total size = 16M, instances = 1, chunk size = 16M
2024-01-28 20:13:12 0 [Note] InnoDB: Completed initialization of buffer pool
2024-01-28 20:13:12 0 [Note] InnoDB: Starting crash recovery from checkpoint LSN=436194
2024-01-28 20:13:12 0 [Note] InnoDB: 128 out of 128 rollback segments are active.
2024-01-28 20:13:12 0 [Note] InnoDB: Removed temporary tablespace data file: "ibtmp1"
2024-01-28 20:13:12 0 [Note] InnoDB: Creating shared tablespace for temporary tables
2024-01-28 20:13:12 0 [Note] InnoDB: Setting file 'C:\xampp\mysql\data\ibtmp1' size to 12 MB. Physically writing the file full; Please wait ...
2024-01-28 20:13:12 0 [Note] InnoDB: File 'C:\xampp\mysql\data\ibtmp1' size is now 12 MB.
2024-01-28 20:13:12 0 [Note] InnoDB: Waiting for purge to start
2024-01-28 20:13:12 0 [Note] InnoDB: 10.4.32 started; log sequence number 436203; transaction id 481
2024-01-28 20:13:12 0 [Note] InnoDB: Loading buffer pool(s) from C:\xampp\mysql\data\ib_buffer_pool
2024-01-28 20:13:12 0 [Note] Plugin 'FEEDBACK' is disabled.
2024-01-28 20:13:12 0 [Note] Server socket created on IP: '::'.
2024-01-28 20:14:30 0 [Note] Starting MariaDB 10.4.32-MariaDB source revision c4143f909528e3fab0677a28631d10389354c491 as process 14600
2024-01-28 20:14:30 0 [Note] InnoDB: Mutexes and rw_locks use Windows interlocked functions
2024-01-28 20:14:30 0 [Note] InnoDB: Uses event mutexes
2024-01-28 20:14:30 0 [Note] InnoDB: Compressed tables use zlib 1.3
2024-01-28 20:14:30 0 [Note] InnoDB: Number of pools: 1
2024-01-28 20:14:30 0 [Note] InnoDB: Using SSE2 crc32 instructions
2024-01-28 20:14:30 0 [Note] InnoDB: Initializing buffer pool, total size = 16M, instances = 1, chunk size = 16M
2024-01-28 20:14:30 0 [Note] InnoDB: Completed initialization of buffer pool
2024-01-28 20:14:30 0 [Note] InnoDB: Starting crash recovery from checkpoint LSN=436212
2024-01-28 20:14:30 0 [Note] InnoDB: 128 out of 128 rollback segments are active.
2024-01-28 20:14:30 0 [Note] InnoDB: Removed temporary tablespace data file: "ibtmp1"
2024-01-28 20:14:30 0 [Note] InnoDB: Creating shared tablespace for temporary tables
2024-01-28 20:14:30 0 [Note] InnoDB: Setting file 'C:\xampp\mysql\data\ibtmp1' size to 12 MB. Physically writing the file full; Please wait ...
2024-01-28 20:14:30 0 [Note] InnoDB: File 'C:\xampp\mysql\data\ibtmp1' size is now 12 MB.
2024-01-28 20:14:30 0 [Note] InnoDB: Waiting for purge to start
2024-01-28 20:14:30 0 [Note] InnoDB: 10.4.32 started; log sequence number 436237; transaction id 481
2024-01-28 20:14:30 0 [Note] InnoDB: Loading buffer pool(s) from C:\xampp\mysql\data\ib_buffer_pool
2024-01-28 20:14:30 0 [Note] Plugin 'FEEDBACK' is disabled.
2024-01-28 20:14:30 0 [Note] Server socket created on IP: '::'.
2024-01-28 20:15:09 0 [Note] Starting MariaDB 10.4.32-MariaDB source revision c4143f909528e3fab0677a28631d10389354c491 as process 14600
2024-01-28 20:15:09 0 [Note] InnoDB: Mutexes and rw_locks use Windows interlocked functions
2024-01-28 20:15:09 0 [Note] InnoDB: Uses event mutexes
2024-01-28 20:15:09 0 [Note] InnoDB: Compressed tables use zlib 1.3
2024-01-28 20:15:09 0 [Note] InnoDB: Number of pools: 1
2024-01-28 20:15:09 0 [Note] InnoDB: Using SSE2 crc32 instructions
2024-01-28 20:15:09 0 [Note] InnoDB: Initializing buffer pool, total size = 16M, instances = 1, chunk size = 16M
2024-01-28 20:15:09 0 [Note] InnoDB: Completed initialization of buffer pool
2024-01-28 20:15:09 0 [Note] InnoDB: Starting crash recovery from checkpoint LSN=436246
2024-01-28 20:15:09 0 [Note] InnoDB: 128 out of 128 rollback segments are active.
2024-01-28 20:15:09 0 [Note] InnoDB: Removed temporary tablespace data file: "ibtmp1"
2024-01-28 20:15:09 0 [Note] InnoDB: Creating shared tablespace for temporary tables
2024-01-28 20:15:09 0 [Note] InnoDB: Setting file 'C:\xampp\mysql\data\ibtmp1' size to 12 MB. Physically writing the file full; Please wait ...
2024-01-28 20:15:09 0 [Note] InnoDB: File 'C:\xampp\mysql\data\ibtmp1' size is now 12 MB.
2024-01-28 20:15:09 0 [Note] InnoDB: Waiting for purge to start
2024-01-28 20:15:09 0 [Note] InnoDB: 10.4.32 started; log sequence number 436255; transaction id 481
2024-01-28 20:15:09 0 [Note] InnoDB: Loading buffer pool(s) from C:\xampp\mysql\data\ib_buffer_pool
2024-01-28 20:15:09 0 [Note] Plugin 'FEEDBACK' is disabled.
2024-01-28 20:15:09 0 [Note] Server socket created on IP: '::'.
2024-01-28 21:48:10 0 [Note] Starting MariaDB 10.4.32-MariaDB source revision c4143f909528e3fab0677a28631d10389354c491 as process 12096
2024-01-28 21:48:10 0 [Note] InnoDB: Mutexes and rw_locks use Windows interlocked functions
2024-01-28 21:48:10 0 [Note] InnoDB: Uses event mutexes
2024-01-28 21:48:10 0 [Note] InnoDB: Compressed tables use zlib 1.3
2024-01-28 21:48:10 0 [Note] InnoDB: Number of pools: 1
2024-01-28 21:48:10 0 [Note] InnoDB: Using SSE2 crc32 instructions
2024-01-28 21:48:10 0 [Note] InnoDB: Initializing buffer pool, total size = 16M, instances = 1, chunk size = 16M
2024-01-28 21:48:10 0 [Note] InnoDB: Completed initialization of buffer pool
2024-01-28 21:48:10 0 [Note] InnoDB: Starting crash recovery from checkpoint LSN=483796
2024-01-28 21:48:10 0 [Note] InnoDB: 128 out of 128 rollback segments are active.
2024-01-28 21:48:10 0 [Note] InnoDB: Removed temporary tablespace data file: "ibtmp1"
2024-01-28 21:48:10 0 [Note] InnoDB: Creating shared tablespace for temporary tables
2024-01-28 21:48:10 0 [Note] InnoDB: Setting file 'C:\xampp\mysql\data\ibtmp1' size to 12 MB. Physically writing the file full; Please wait ...
2024-01-28 21:48:10 0 [Note] InnoDB: File 'C:\xampp\mysql\data\ibtmp1' size is now 12 MB.
2024-01-28 21:48:10 0 [Note] InnoDB: Waiting for purge to start
2024-01-28 21:48:11 0 [Note] InnoDB: 10.4.32 started; log sequence number 483805; transaction id 556
2024-01-28 21:48:11 0 [Note] InnoDB: Loading buffer pool(s) from C:\xampp\mysql\data\ib_buffer_pool
2024-01-28 21:48:11 0 [Note] Plugin 'FEEDBACK' is disabled.
2024-01-28 21:48:11 0 [Note] InnoDB: Buffer pool(s) load completed at 240128 21:48:11
2024-01-28 21:48:11 0 [Note] Server socket created on IP: '::'.
2024-01-28 22:08:20 0 [Note] Starting MariaDB 10.4.32-MariaDB source revision c4143f909528e3fab0677a28631d10389354c491 as process 19700
2024-01-28 22:08:20 0 [Note] InnoDB: Mutexes and rw_locks use Windows interlocked functions
2024-01-28 22:08:20 0 [Note] InnoDB: Uses event mutexes
2024-01-28 22:08:20 0 [Note] InnoDB: Compressed tables use zlib 1.3
2024-01-28 22:08:20 0 [Note] InnoDB: Number of pools: 1
2024-01-28 22:08:20 0 [Note] InnoDB: Using SSE2 crc32 instructions
2024-01-28 22:08:20 0 [Note] InnoDB: Initializing buffer pool, total size = 16M, instances = 1, chunk size = 16M
2024-01-28 22:08:20 0 [Note] InnoDB: Completed initialization of buffer pool
2024-01-28 22:08:20 0 [Note] InnoDB: Starting crash recovery from checkpoint LSN=488156
2024-01-28 22:08:20 0 [Note] InnoDB: 128 out of 128 rollback segments are active.
2024-01-28 22:08:20 0 [Note] InnoDB: Removed temporary tablespace data file: "ibtmp1"
2024-01-28 22:08:20 0 [Note] InnoDB: Creating shared tablespace for temporary tables
2024-01-28 22:08:20 0 [Note] InnoDB: Setting file 'C:\xampp\mysql\data\ibtmp1' size to 12 MB. Physically writing the file full; Please wait ...
2024-01-28 22:08:20 0 [Note] InnoDB: File 'C:\xampp\mysql\data\ibtmp1' size is now 12 MB.
2024-01-28 22:08:20 0 [Note] InnoDB: Waiting for purge to start
2024-01-28 22:08:20 0 [Note] InnoDB: 10.4.32 started; log sequence number 488165; transaction id 576
2024-01-28 22:08:20 0 [Note] InnoDB: Loading buffer pool(s) from C:\xampp\mysql\data\ib_buffer_pool
2024-01-28 22:08:20 0 [Note] Plugin 'FEEDBACK' is disabled.
2024-01-28 22:08:20 0 [Note] Server socket created on IP: '::'.
2024-03-27  8:08:05 0 [Note] Starting MariaDB 10.4.32-MariaDB source revision c4143f909528e3fab0677a28631d10389354c491 as process 1928
2024-03-27  8:08:05 0 [Note] InnoDB: Mutexes and rw_locks use Windows interlocked functions
2024-03-27  8:08:05 0 [Note] InnoDB: Uses event mutexes
2024-03-27  8:08:05 0 [Note] InnoDB: Compressed tables use zlib 1.3
2024-03-27  8:08:05 0 [Note] InnoDB: Number of pools: 1
2024-03-27  8:08:05 0 [Note] InnoDB: Using SSE2 crc32 instructions
2024-03-27  8:08:05 0 [Note] InnoDB: Initializing buffer pool, total size = 16M, instances = 1, chunk size = 16M
2024-03-27  8:08:05 0 [Note] InnoDB: Completed initialization of buffer pool
2024-03-27  8:08:05 0 [Note] InnoDB: Starting crash recovery from checkpoint LSN=494942
2024-03-27  8:08:05 0 [Note] InnoDB: 128 out of 128 rollback segments are active.
2024-03-27  8:08:05 0 [Note] InnoDB: Removed temporary tablespace data file: "ibtmp1"
2024-03-27  8:08:05 0 [Note] InnoDB: Creating shared tablespace for temporary tables
2024-03-27  8:08:05 0 [Note] InnoDB: Setting file 'C:\xampp\mysql\data\ibtmp1' size to 12 MB. Physically writing the file full; Please wait ...
2024-03-27  8:08:05 0 [Note] InnoDB: File 'C:\xampp\mysql\data\ibtmp1' size is now 12 MB.
2024-03-27  8:08:05 0 [Note] InnoDB: Waiting for purge to start
2024-03-27  8:08:05 0 [Note] InnoDB: 10.4.32 started; log sequence number 494951; transaction id 599
2024-03-27  8:08:05 0 [Note] InnoDB: Loading buffer pool(s) from C:\xampp\mysql\data\ib_buffer_pool
2024-03-27  8:08:05 0 [Note] Plugin 'FEEDBACK' is disabled.
2024-03-27  8:08:05 0 [Note] InnoDB: Buffer pool(s) load completed at 240327  8:08:05
2024-03-27  8:08:05 0 [Note] Server socket created on IP: '::'.
2024-03-27  8:11:59 0 [Note] Starting MariaDB 10.4.32-MariaDB source revision c4143f909528e3fab0677a28631d10389354c491 as process 17400
2024-03-27  8:11:59 0 [Note] InnoDB: Mutexes and rw_locks use Windows interlocked functions
2024-03-27  8:11:59 0 [Note] InnoDB: Uses event mutexes
2024-03-27  8:11:59 0 [Note] InnoDB: Compressed tables use zlib 1.3
2024-03-27  8:11:59 0 [Note] InnoDB: Number of pools: 1
2024-03-27  8:11:59 0 [Note] InnoDB: Using SSE2 crc32 instructions
2024-03-27  8:11:59 0 [Note] InnoDB: Initializing buffer pool, total size = 16M, instances = 1, chunk size = 16M
2024-03-27  8:11:59 0 [Note] InnoDB: Completed initialization of buffer pool
2024-03-27  8:11:59 0 [Note] InnoDB: Starting crash recovery from checkpoint LSN=494960
2024-03-27  8:12:00 0 [Note] InnoDB: 128 out of 128 rollback segments are active.
2024-03-27  8:12:00 0 [Note] InnoDB: Removed temporary tablespace data file: "ibtmp1"
2024-03-27  8:12:00 0 [Note] InnoDB: Creating shared tablespace for temporary tables
2024-03-27  8:12:00 0 [Note] InnoDB: Setting file 'C:\xampp\mysql\data\ibtmp1' size to 12 MB. Physically writing the file full; Please wait ...
2024-03-27  8:12:00 0 [Note] InnoDB: File 'C:\xampp\mysql\data\ibtmp1' size is now 12 MB.
2024-03-27  8:12:00 0 [Note] InnoDB: Waiting for purge to start
2024-03-27  8:12:00 0 [Note] InnoDB: 10.4.32 started; log sequence number 494969; transaction id 599
2024-03-27  8:12:00 0 [Note] InnoDB: Loading buffer pool(s) from C:\xampp\mysql\data\ib_buffer_pool
2024-03-27  8:12:00 0 [Note] Plugin 'FEEDBACK' is disabled.
2024-03-27  8:12:00 0 [Note] Server socket created on IP: '::'.
