[Fri Jan 26 15:22:51.215766 2024] [ssl:warn] [pid 12136:tid 380] AH01909: www.example.com:443:0 server certificate does NOT include an ID which matches the server name
[Fri Jan 26 15:22:51.231391 2024] [ssl:warn] [pid 12136:tid 380] AH01909: www.example.com:443:0 server certificate does NOT include an ID which matches the server name
[Fri Jan 26 15:22:51.278266 2024] [mpm_winnt:notice] [pid 12136:tid 380] AH00455: Apache/2.4.58 (Win64) OpenSSL/3.1.3 PHP/8.2.12 configured -- resuming normal operations
[Fri Jan 26 15:22:51.278266 2024] [mpm_winnt:notice] [pid 12136:tid 380] AH00456: Apache Lounge VS17 Server built: Oct 18 2023 13:03:18
[Fri Jan 26 15:22:51.278266 2024] [core:notice] [pid 12136:tid 380] AH00094: Command line: 'C:\\xampp\\apache\\bin\\httpd.exe -d C:/xampp/apache'
[Fri Jan 26 15:22:51.278266 2024] [mpm_winnt:notice] [pid 12136:tid 380] AH00418: Parent: Created child process 4752
[Fri Jan 26 15:22:51.606392 2024] [ssl:warn] [pid 4752:tid 376] AH01909: www.example.com:443:0 server certificate does NOT include an ID which matches the server name
[Fri Jan 26 15:22:51.637672 2024] [ssl:warn] [pid 4752:tid 376] AH01909: www.example.com:443:0 server certificate does NOT include an ID which matches the server name
[Fri Jan 26 15:22:51.668892 2024] [mpm_winnt:notice] [pid 4752:tid 376] AH00354: Child: Starting 150 worker threads.
[Fri Jan 26 15:24:02.690005 2024] [ssl:warn] [pid 10204:tid 356] AH01909: www.example.com:443:0 server certificate does NOT include an ID which matches the server name
[Fri Jan 26 15:24:02.723809 2024] [ssl:warn] [pid 10204:tid 356] AH01909: www.example.com:443:0 server certificate does NOT include an ID which matches the server name
[Fri Jan 26 15:24:02.753137 2024] [mpm_winnt:notice] [pid 10204:tid 356] AH00455: Apache/2.4.58 (Win64) OpenSSL/3.1.3 PHP/8.2.12 configured -- resuming normal operations
[Fri Jan 26 15:24:02.753137 2024] [mpm_winnt:notice] [pid 10204:tid 356] AH00456: Apache Lounge VS17 Server built: Oct 18 2023 13:03:18
[Fri Jan 26 15:24:02.753137 2024] [core:notice] [pid 10204:tid 356] AH00094: Command line: 'c:\\xampp\\apache\\bin\\httpd.exe -d C:/xampp/apache'
[Fri Jan 26 15:24:02.753137 2024] [mpm_winnt:notice] [pid 10204:tid 356] AH00418: Parent: Created child process 7264
[Fri Jan 26 15:24:02.971898 2024] [ssl:warn] [pid 7264:tid 356] AH01909: www.example.com:443:0 server certificate does NOT include an ID which matches the server name
[Fri Jan 26 15:24:02.987515 2024] [ssl:warn] [pid 7264:tid 356] AH01909: www.example.com:443:0 server certificate does NOT include an ID which matches the server name
[Fri Jan 26 15:24:03.018776 2024] [mpm_winnt:notice] [pid 7264:tid 356] AH00354: Child: Starting 150 worker threads.
[Fri Jan 26 15:30:07.571832 2024] [php:error] [pid 7264:tid 1952] [client ::1:52676] PHP Fatal error:  Uncaught mysqli_sql_exception: Unknown database 'phoenixnews' in C:\\xampp\\htdocs\\phoenixnews\\connection.php:9\nStack trace:\n#0 C:\\xampp\\htdocs\\phoenixnews\\connection.php(9): mysqli_connect('localhost', 'root', Object(SensitiveParameterValue), 'phoenixnews')\n#1 C:\\xampp\\htdocs\\phoenixnews\\header.php(2): require_once('C:\\\\xampp\\\\htdocs...')\n#2 C:\\xampp\\htdocs\\phoenixnews\\index.php(2): require_once('C:\\\\xampp\\\\htdocs...')\n#3 {main}\n  thrown in C:\\xampp\\htdocs\\phoenixnews\\connection.php on line 9
[Sat Jan 27 09:43:39.445357 2024] [php:error] [pid 7264:tid 752] [client ::1:53304] PHP Fatal error:  Uncaught mysqli_sql_exception: Unknown database 'phoenixnews' in C:\\xampp\\htdocs\\phoenixnews\\connection.php:9\nStack trace:\n#0 C:\\xampp\\htdocs\\phoenixnews\\connection.php(9): mysqli_connect('localhost', 'root', Object(SensitiveParameterValue), 'phoenixnews')\n#1 C:\\xampp\\htdocs\\phoenixnews\\header.php(2): require_once('C:\\\\xampp\\\\htdocs...')\n#2 C:\\xampp\\htdocs\\phoenixnews\\index.php(2): require_once('C:\\\\xampp\\\\htdocs...')\n#3 {main}\n  thrown in C:\\xampp\\htdocs\\phoenixnews\\connection.php on line 9
[Sat Jan 27 09:44:30.936051 2024] [php:error] [pid 7264:tid 752] [client ::1:56468] PHP Fatal error:  Uncaught mysqli_sql_exception: Unknown database 'phoenixnews' in C:\\xampp\\htdocs\\phoenixnews\\connection.php:9\nStack trace:\n#0 C:\\xampp\\htdocs\\phoenixnews\\connection.php(9): mysqli_connect('localhost', 'root', Object(SensitiveParameterValue), 'phoenixnews')\n#1 C:\\xampp\\htdocs\\phoenixnews\\header.php(2): require_once('C:\\\\xampp\\\\htdocs...')\n#2 C:\\xampp\\htdocs\\phoenixnews\\index.php(2): require_once('C:\\\\xampp\\\\htdocs...')\n#3 {main}\n  thrown in C:\\xampp\\htdocs\\phoenixnews\\connection.php on line 9
[Sat Jan 27 09:58:50.805507 2024] [php:error] [pid 7264:tid 740] [client ::1:56695] PHP Fatal error:  Uncaught mysqli_sql_exception: Table 'crud.colleges' doesn't exist in C:\\xampp\\htdocs\\crud\\colleges.php:7\nStack trace:\n#0 C:\\xampp\\htdocs\\crud\\colleges.php(7): mysqli_query(Object(mysqli), 'SELECT *FROM co...')\n#1 {main}\n  thrown in C:\\xampp\\htdocs\\crud\\colleges.php on line 7, referer: http://localhost/crud/
[Sat Jan 27 10:02:52.842890 2024] [php:error] [pid 7264:tid 740] [client ::1:56738] PHP Fatal error:  Uncaught mysqli_sql_exception: Table 'phoenixnews.category' doesn't exist in C:\\xampp\\htdocs\\phoenixnews\\header.php:4\nStack trace:\n#0 C:\\xampp\\htdocs\\phoenixnews\\header.php(4): mysqli_query(Object(mysqli), 'SELECT * FROM c...')\n#1 C:\\xampp\\htdocs\\phoenixnews\\index.php(2): require_once('C:\\\\xampp\\\\htdocs...')\n#2 {main}\n  thrown in C:\\xampp\\htdocs\\phoenixnews\\header.php on line 4
[Sat Jan 27 10:07:15.465577 2024] [php:error] [pid 7264:tid 740] [client ::1:56753] PHP Fatal error:  Uncaught mysqli_sql_exception: Table 'phoenixnews.users' doesn't exist in C:\\xampp\\htdocs\\phoenixnews\\login\\register.php:10\nStack trace:\n#0 C:\\xampp\\htdocs\\phoenixnews\\login\\register.php(10): mysqli_query(Object(mysqli), 'INSERT INTO use...')\n#1 {main}\n  thrown in C:\\xampp\\htdocs\\phoenixnews\\login\\register.php on line 10, referer: http://localhost/phoenixnews/login/register.php
[Sat Jan 27 10:09:45.803983 2024] [php:error] [pid 7264:tid 752] [client ::1:56775] PHP Fatal error:  Uncaught mysqli_sql_exception: Table 'phoenixnews.users' doesn't exist in C:\\xampp\\htdocs\\phoenixnews\\login\\register.php:10\nStack trace:\n#0 C:\\xampp\\htdocs\\phoenixnews\\login\\register.php(10): mysqli_query(Object(mysqli), 'INSERT INTO use...')\n#1 {main}\n  thrown in C:\\xampp\\htdocs\\phoenixnews\\login\\register.php on line 10, referer: http://localhost/phoenixnews/login/register.php
[Sat Jan 27 10:17:03.244168 2024] [php:error] [pid 7264:tid 740] [client ::1:56997] PHP Fatal error:  Uncaught mysqli_sql_exception: Table 'phoenixnews.category' doesn't exist in C:\\xampp\\htdocs\\phoenixnews\\admin\\add_news.php:6\nStack trace:\n#0 C:\\xampp\\htdocs\\phoenixnews\\admin\\add_news.php(6): mysqli_query(Object(mysqli), 'SELECT * FROM c...')\n#1 {main}\n  thrown in C:\\xampp\\htdocs\\phoenixnews\\admin\\add_news.php on line 6, referer: http://localhost/phoenixnews/admin/manage-category.php
[Sat Jan 27 10:17:04.641052 2024] [php:error] [pid 7264:tid 740] [client ::1:57002] PHP Fatal error:  Uncaught mysqli_sql_exception: Table 'phoenixnews.category' doesn't exist in C:\\xampp\\htdocs\\phoenixnews\\admin\\add_news.php:6\nStack trace:\n#0 C:\\xampp\\htdocs\\phoenixnews\\admin\\add_news.php(6): mysqli_query(Object(mysqli), 'SELECT * FROM c...')\n#1 {main}\n  thrown in C:\\xampp\\htdocs\\phoenixnews\\admin\\add_news.php on line 6, referer: http://localhost/phoenixnews/admin/add_news.php
[Sat Jan 27 10:17:05.697361 2024] [php:error] [pid 7264:tid 740] [client ::1:57002] PHP Fatal error:  Uncaught mysqli_sql_exception: Table 'phoenixnews.category' doesn't exist in C:\\xampp\\htdocs\\phoenixnews\\admin\\add_news.php:6\nStack trace:\n#0 C:\\xampp\\htdocs\\phoenixnews\\admin\\add_news.php(6): mysqli_query(Object(mysqli), 'SELECT * FROM c...')\n#1 {main}\n  thrown in C:\\xampp\\htdocs\\phoenixnews\\admin\\add_news.php on line 6, referer: http://localhost/phoenixnews/admin/add_news.php
[Sat Jan 27 10:17:07.508444 2024] [php:error] [pid 7264:tid 740] [client ::1:57002] PHP Fatal error:  Uncaught mysqli_sql_exception: Table 'phoenixnews.category' doesn't exist in C:\\xampp\\htdocs\\phoenixnews\\admin\\add_news.php:6\nStack trace:\n#0 C:\\xampp\\htdocs\\phoenixnews\\admin\\add_news.php(6): mysqli_query(Object(mysqli), 'SELECT * FROM c...')\n#1 {main}\n  thrown in C:\\xampp\\htdocs\\phoenixnews\\admin\\add_news.php on line 6, referer: http://localhost/phoenixnews/admin/manage-category.php
[Sat Jan 27 10:19:39.132676 2024] [php:error] [pid 7264:tid 740] [client ::1:57012] PHP Fatal error:  Uncaught mysqli_sql_exception: Table 'phoenixnews.category' doesn't exist in C:\\xampp\\htdocs\\phoenixnews\\admin\\add_news.php:6\nStack trace:\n#0 C:\\xampp\\htdocs\\phoenixnews\\admin\\add_news.php(6): mysqli_query(Object(mysqli), 'SELECT * FROM c...')\n#1 {main}\n  thrown in C:\\xampp\\htdocs\\phoenixnews\\admin\\add_news.php on line 6, referer: http://localhost/phoenixnews/admin/manage-category.php
[Sat Jan 27 10:19:40.059281 2024] [php:error] [pid 7264:tid 740] [client ::1:57012] PHP Fatal error:  Uncaught mysqli_sql_exception: Table 'phoenixnews.category' doesn't exist in C:\\xampp\\htdocs\\phoenixnews\\admin\\add_news.php:6\nStack trace:\n#0 C:\\xampp\\htdocs\\phoenixnews\\admin\\add_news.php(6): mysqli_query(Object(mysqli), 'SELECT * FROM c...')\n#1 {main}\n  thrown in C:\\xampp\\htdocs\\phoenixnews\\admin\\add_news.php on line 6, referer: http://localhost/phoenixnews/admin/add_news.php
[Sat Jan 27 10:19:41.107084 2024] [php:error] [pid 7264:tid 740] [client ::1:57012] PHP Fatal error:  Uncaught mysqli_sql_exception: Table 'phoenixnews.category' doesn't exist in C:\\xampp\\htdocs\\phoenixnews\\admin\\add_news.php:6\nStack trace:\n#0 C:\\xampp\\htdocs\\phoenixnews\\admin\\add_news.php(6): mysqli_query(Object(mysqli), 'SELECT * FROM c...')\n#1 {main}\n  thrown in C:\\xampp\\htdocs\\phoenixnews\\admin\\add_news.php on line 6, referer: http://localhost/phoenixnews/admin/add_news.php
[Sat Jan 27 10:23:18.547867 2024] [php:error] [pid 7264:tid 740] [client ::1:57153] PHP Fatal error:  Uncaught mysqli_sql_exception: Table 'phoenixnews.news' doesn't exist in C:\\xampp\\htdocs\\phoenixnews\\index.php:6\nStack trace:\n#0 C:\\xampp\\htdocs\\phoenixnews\\index.php(6): mysqli_query(Object(mysqli), 'SELECT * FROM n...')\n#1 {main}\n  thrown in C:\\xampp\\htdocs\\phoenixnews\\index.php on line 6
[Sat Jan 27 10:39:02.579977 2024] [php:warn] [pid 7264:tid 740] [client ::1:57508] PHP Warning:  Undefined array key "nid" in C:\\xampp\\htdocs\\phoenixnews\\news-details.php on line 4, referer: http://localhost/phoenixnews/news.php
[Sat Jan 27 10:39:02.591571 2024] [php:warn] [pid 7264:tid 740] [client ::1:57508] PHP Warning:  Trying to access array offset on value of type null in C:\\xampp\\htdocs\\phoenixnews\\news-details.php on line 16, referer: http://localhost/phoenixnews/news.php
[Sat Jan 27 10:39:02.591571 2024] [php:warn] [pid 7264:tid 740] [client ::1:57508] PHP Warning:  Trying to access array offset on value of type null in C:\\xampp\\htdocs\\phoenixnews\\news-details.php on line 17, referer: http://localhost/phoenixnews/news.php
[Sat Jan 27 10:39:02.591571 2024] [php:warn] [pid 7264:tid 740] [client ::1:57508] PHP Warning:  Trying to access array offset on value of type null in C:\\xampp\\htdocs\\phoenixnews\\news-details.php on line 19, referer: http://localhost/phoenixnews/news.php
[Sat Jan 27 10:48:01.136412 2024] [php:warn] [pid 7264:tid 764] [client ::1:57594] PHP Warning:  Undefined array key "nid" in C:\\xampp\\htdocs\\phoenixnews\\news.php on line 4, referer: http://localhost/phoenixnews/index.php
[Sat Jan 27 10:48:01.136412 2024] [php:warn] [pid 7264:tid 764] [client ::1:57594] PHP Warning:  Trying to access array offset on value of type null in C:\\xampp\\htdocs\\phoenixnews\\news.php on line 16, referer: http://localhost/phoenixnews/index.php
[Sat Jan 27 10:48:01.136412 2024] [php:warn] [pid 7264:tid 764] [client ::1:57594] PHP Warning:  Trying to access array offset on value of type null in C:\\xampp\\htdocs\\phoenixnews\\news.php on line 17, referer: http://localhost/phoenixnews/index.php
[Sat Jan 27 10:48:01.136412 2024] [php:warn] [pid 7264:tid 764] [client ::1:57594] PHP Warning:  Trying to access array offset on value of type null in C:\\xampp\\htdocs\\phoenixnews\\news.php on line 19, referer: http://localhost/phoenixnews/index.php
[Sat Jan 27 10:48:05.644751 2024] [php:warn] [pid 7264:tid 764] [client ::1:57594] PHP Warning:  Undefined array key "nid" in C:\\xampp\\htdocs\\phoenixnews\\news.php on line 4, referer: http://localhost/phoenixnews/news.php
[Sat Jan 27 10:48:05.644751 2024] [php:warn] [pid 7264:tid 764] [client ::1:57594] PHP Warning:  Trying to access array offset on value of type null in C:\\xampp\\htdocs\\phoenixnews\\news.php on line 16, referer: http://localhost/phoenixnews/news.php
[Sat Jan 27 10:48:05.644751 2024] [php:warn] [pid 7264:tid 764] [client ::1:57594] PHP Warning:  Trying to access array offset on value of type null in C:\\xampp\\htdocs\\phoenixnews\\news.php on line 17, referer: http://localhost/phoenixnews/news.php
[Sat Jan 27 10:48:05.644751 2024] [php:warn] [pid 7264:tid 764] [client ::1:57594] PHP Warning:  Trying to access array offset on value of type null in C:\\xampp\\htdocs\\phoenixnews\\news.php on line 19, referer: http://localhost/phoenixnews/news.php
[Sat Jan 27 10:52:29.254477 2024] [php:warn] [pid 7264:tid 740] [client ::1:57627] PHP Warning:  Undefined variable $result in C:\\xampp\\htdocs\\phoenixnews\\news.php on line 7, referer: http://localhost/phoenixnews/index.php
[Sat Jan 27 10:52:29.254477 2024] [php:warn] [pid 7264:tid 740] [client ::1:57627] PHP Warning:  foreach() argument must be of type array|object, null given in C:\\xampp\\htdocs\\phoenixnews\\news.php on line 7, referer: http://localhost/phoenixnews/index.php
[Sat Jan 27 10:54:38.232604 2024] [php:warn] [pid 7264:tid 740] [client ::1:57651] PHP Warning:  Undefined variable $result in C:\\xampp\\htdocs\\phoenixnews\\news.php on line 8, referer: http://localhost/phoenixnews/news.php
[Sat Jan 27 10:54:38.232604 2024] [php:warn] [pid 7264:tid 740] [client ::1:57651] PHP Warning:  foreach() argument must be of type array|object, null given in C:\\xampp\\htdocs\\phoenixnews\\news.php on line 8, referer: http://localhost/phoenixnews/news.php
[Sat Jan 27 10:54:39.123933 2024] [php:warn] [pid 7264:tid 740] [client ::1:57651] PHP Warning:  Undefined variable $result in C:\\xampp\\htdocs\\phoenixnews\\news.php on line 8, referer: http://localhost/phoenixnews/news.php
[Sat Jan 27 10:54:39.123933 2024] [php:warn] [pid 7264:tid 740] [client ::1:57651] PHP Warning:  foreach() argument must be of type array|object, null given in C:\\xampp\\htdocs\\phoenixnews\\news.php on line 8, referer: http://localhost/phoenixnews/news.php
[Sat Jan 27 10:54:39.603677 2024] [php:warn] [pid 7264:tid 740] [client ::1:57651] PHP Warning:  Undefined variable $result in C:\\xampp\\htdocs\\phoenixnews\\news.php on line 8, referer: http://localhost/phoenixnews/news.php
[Sat Jan 27 10:54:39.603677 2024] [php:warn] [pid 7264:tid 740] [client ::1:57651] PHP Warning:  foreach() argument must be of type array|object, null given in C:\\xampp\\htdocs\\phoenixnews\\news.php on line 8, referer: http://localhost/phoenixnews/news.php
[Sat Jan 27 10:54:40.004478 2024] [php:warn] [pid 7264:tid 740] [client ::1:57651] PHP Warning:  Undefined variable $result in C:\\xampp\\htdocs\\phoenixnews\\news.php on line 8, referer: http://localhost/phoenixnews/news.php
[Sat Jan 27 10:54:40.004478 2024] [php:warn] [pid 7264:tid 740] [client ::1:57651] PHP Warning:  foreach() argument must be of type array|object, null given in C:\\xampp\\htdocs\\phoenixnews\\news.php on line 8, referer: http://localhost/phoenixnews/news.php
[Sat Jan 27 11:05:36.767141 2024] [php:warn] [pid 7264:tid 740] [client ::1:57765] PHP Warning:  require_once(header.php): Failed to open stream: No such file or directory in C:\\xampp\\htdocs\\E_com\\index.php on line 2
[Sat Jan 27 11:05:36.774788 2024] [php:error] [pid 7264:tid 740] [client ::1:57765] PHP Fatal error:  Uncaught Error: Failed opening required 'header.php' (include_path='C:\\xampp\\php\\PEAR') in C:\\xampp\\htdocs\\E_com\\index.php:2\nStack trace:\n#0 {main}\n  thrown in C:\\xampp\\htdocs\\E_com\\index.php on line 2
[Sat Jan 27 11:08:04.920066 2024] [ssl:warn] [pid 15428:tid 356] AH01909: www.example.com:443:0 server certificate does NOT include an ID which matches the server name
[Sat Jan 27 11:08:04.966949 2024] [core:warn] [pid 15428:tid 356] AH00098: pid file C:/xampp/apache/logs/httpd.pid overwritten -- Unclean shutdown of previous Apache run?
[Sat Jan 27 11:08:04.982463 2024] [ssl:warn] [pid 15428:tid 356] AH01909: www.example.com:443:0 server certificate does NOT include an ID which matches the server name
[Sat Jan 27 11:08:05.029337 2024] [mpm_winnt:notice] [pid 15428:tid 356] AH00455: Apache/2.4.58 (Win64) OpenSSL/3.1.3 PHP/8.2.12 configured -- resuming normal operations
[Sat Jan 27 11:08:05.029337 2024] [mpm_winnt:notice] [pid 15428:tid 356] AH00456: Apache Lounge VS17 Server built: Oct 18 2023 13:03:18
[Sat Jan 27 11:08:05.029337 2024] [core:notice] [pid 15428:tid 356] AH00094: Command line: 'c:\\xampp\\apache\\bin\\httpd.exe -d C:/xampp/apache'
[Sat Jan 27 11:08:05.029337 2024] [mpm_winnt:notice] [pid 15428:tid 356] AH00418: Parent: Created child process 12252
[Sat Jan 27 11:08:05.379272 2024] [ssl:warn] [pid 12252:tid 352] AH01909: www.example.com:443:0 server certificate does NOT include an ID which matches the server name
[Sat Jan 27 11:08:05.428837 2024] [ssl:warn] [pid 12252:tid 352] AH01909: www.example.com:443:0 server certificate does NOT include an ID which matches the server name
[Sat Jan 27 11:08:05.506982 2024] [mpm_winnt:notice] [pid 12252:tid 352] AH00354: Child: Starting 150 worker threads.
[Sat Jan 27 14:19:37.011338 2024] [ssl:warn] [pid 18200:tid 380] AH01909: www.example.com:443:0 server certificate does NOT include an ID which matches the server name
[Sat Jan 27 14:19:37.121387 2024] [core:warn] [pid 18200:tid 380] AH00098: pid file C:/xampp/apache/logs/httpd.pid overwritten -- Unclean shutdown of previous Apache run?
[Sat Jan 27 14:19:37.121387 2024] [ssl:warn] [pid 18200:tid 380] AH01909: www.example.com:443:0 server certificate does NOT include an ID which matches the server name
[Sat Jan 27 14:19:37.263494 2024] [mpm_winnt:notice] [pid 18200:tid 380] AH00455: Apache/2.4.58 (Win64) OpenSSL/3.1.3 PHP/8.2.12 configured -- resuming normal operations
[Sat Jan 27 14:19:37.263494 2024] [mpm_winnt:notice] [pid 18200:tid 380] AH00456: Apache Lounge VS17 Server built: Oct 18 2023 13:03:18
[Sat Jan 27 14:19:37.263494 2024] [core:notice] [pid 18200:tid 380] AH00094: Command line: 'c:\\xampp\\apache\\bin\\httpd.exe -d C:/xampp/apache'
[Sat Jan 27 14:19:37.263494 2024] [mpm_winnt:notice] [pid 18200:tid 380] AH00418: Parent: Created child process 6836
[Sat Jan 27 14:19:38.110956 2024] [ssl:warn] [pid 6836:tid 352] AH01909: www.example.com:443:0 server certificate does NOT include an ID which matches the server name
[Sat Jan 27 14:19:38.189108 2024] [ssl:warn] [pid 6836:tid 352] AH01909: www.example.com:443:0 server certificate does NOT include an ID which matches the server name
[Sat Jan 27 14:19:38.330138 2024] [mpm_winnt:notice] [pid 6836:tid 352] AH00354: Child: Starting 150 worker threads.
[Sat Jan 27 14:25:55.170841 2024] [php:warn] [pid 6836:tid 1884] [client ::1:64715] PHP Warning:  Undefined array key "cid" in C:\\xampp\\htdocs\\phoenixnews\\category.php on line 5
[Sat Jan 27 14:46:52.963775 2024] [php:error] [pid 6836:tid 1868] [client ::1:65297] PHP Fatal error:  Uncaught mysqli_sql_exception: Table 'e_com.category' doesn't exist in C:\\xampp\\htdocs\\E_com\\header.php:4\nStack trace:\n#0 C:\\xampp\\htdocs\\E_com\\header.php(4): mysqli_query(Object(mysqli), 'SELECT * FROM c...')\n#1 C:\\xampp\\htdocs\\E_com\\index.php(2): require_once('C:\\\\xampp\\\\htdocs...')\n#2 {main}\n  thrown in C:\\xampp\\htdocs\\E_com\\header.php on line 4
[Sat Jan 27 16:08:39.453210 2024] [ssl:warn] [pid 6260:tid 368] AH01909: www.example.com:443:0 server certificate does NOT include an ID which matches the server name
[Sat Jan 27 16:08:39.479219 2024] [core:warn] [pid 6260:tid 368] AH00098: pid file C:/xampp/apache/logs/httpd.pid overwritten -- Unclean shutdown of previous Apache run?
[Sat Jan 27 16:08:39.481219 2024] [ssl:warn] [pid 6260:tid 368] AH01909: www.example.com:443:0 server certificate does NOT include an ID which matches the server name
[Sat Jan 27 16:08:39.510867 2024] [mpm_winnt:notice] [pid 6260:tid 368] AH00455: Apache/2.4.58 (Win64) OpenSSL/3.1.3 PHP/8.2.12 configured -- resuming normal operations
[Sat Jan 27 16:08:39.510867 2024] [mpm_winnt:notice] [pid 6260:tid 368] AH00456: Apache Lounge VS17 Server built: Oct 18 2023 13:03:18
[Sat Jan 27 16:08:39.510867 2024] [core:notice] [pid 6260:tid 368] AH00094: Command line: 'c:\\xampp\\apache\\bin\\httpd.exe -d C:/xampp/apache'
[Sat Jan 27 16:08:39.511968 2024] [mpm_winnt:notice] [pid 6260:tid 368] AH00418: Parent: Created child process 14540
[Sat Jan 27 16:08:39.734075 2024] [ssl:warn] [pid 14540:tid 352] AH01909: www.example.com:443:0 server certificate does NOT include an ID which matches the server name
[Sat Jan 27 16:08:39.758077 2024] [ssl:warn] [pid 14540:tid 352] AH01909: www.example.com:443:0 server certificate does NOT include an ID which matches the server name
[Sat Jan 27 16:08:39.790231 2024] [mpm_winnt:notice] [pid 14540:tid 352] AH00354: Child: Starting 150 worker threads.
[Sat Jan 27 16:31:14.626183 2024] [php:warn] [pid 14540:tid 1916] [client ::1:56763] PHP Warning:  Undefined variable $result in C:\\xampp\\htdocs\\E_com\\index.php on line 42
[Sat Jan 27 16:31:14.628226 2024] [php:warn] [pid 14540:tid 1916] [client ::1:56763] PHP Warning:  foreach() argument must be of type array|object, null given in C:\\xampp\\htdocs\\E_com\\index.php on line 42
[Sat Jan 27 16:31:14.628226 2024] [php:warn] [pid 14540:tid 1916] [client ::1:56763] PHP Warning:  require_once(footer.php): Failed to open stream: No such file or directory in C:\\xampp\\htdocs\\E_com\\index.php on line 58
[Sat Jan 27 16:31:14.629209 2024] [php:error] [pid 14540:tid 1916] [client ::1:56763] PHP Fatal error:  Uncaught Error: Failed opening required 'footer.php' (include_path='C:\\xampp\\php\\PEAR') in C:\\xampp\\htdocs\\E_com\\index.php:58\nStack trace:\n#0 {main}\n  thrown in C:\\xampp\\htdocs\\E_com\\index.php on line 58
[Sat Jan 27 16:31:34.162429 2024] [php:warn] [pid 14540:tid 1916] [client ::1:56770] PHP Warning:  Undefined variable $result in C:\\xampp\\htdocs\\E_com\\index.php on line 42
[Sat Jan 27 16:31:34.162768 2024] [php:warn] [pid 14540:tid 1916] [client ::1:56770] PHP Warning:  foreach() argument must be of type array|object, null given in C:\\xampp\\htdocs\\E_com\\index.php on line 42
[Sat Jan 27 16:31:34.163107 2024] [php:warn] [pid 14540:tid 1916] [client ::1:56770] PHP Warning:  require_once(footer.php): Failed to open stream: No such file or directory in C:\\xampp\\htdocs\\E_com\\index.php on line 58
[Sat Jan 27 16:31:34.163107 2024] [php:error] [pid 14540:tid 1916] [client ::1:56770] PHP Fatal error:  Uncaught Error: Failed opening required 'footer.php' (include_path='C:\\xampp\\php\\PEAR') in C:\\xampp\\htdocs\\E_com\\index.php:58\nStack trace:\n#0 {main}\n  thrown in C:\\xampp\\htdocs\\E_com\\index.php on line 58
[Sat Jan 27 16:33:40.789604 2024] [php:warn] [pid 14540:tid 1916] [client ::1:56786] PHP Warning:  require_once(footer.php): Failed to open stream: No such file or directory in C:\\xampp\\htdocs\\E_com\\index.php on line 61
[Sat Jan 27 16:33:40.789604 2024] [php:error] [pid 14540:tid 1916] [client ::1:56786] PHP Fatal error:  Uncaught Error: Failed opening required 'footer.php' (include_path='C:\\xampp\\php\\PEAR') in C:\\xampp\\htdocs\\E_com\\index.php:61\nStack trace:\n#0 {main}\n  thrown in C:\\xampp\\htdocs\\E_com\\index.php on line 61
[Sat Jan 27 16:33:41.025303 2024] [php:warn] [pid 14540:tid 1916] [client ::1:56786] PHP Warning:  require_once(footer.php): Failed to open stream: No such file or directory in C:\\xampp\\htdocs\\E_com\\index.php on line 61
[Sat Jan 27 16:33:41.025303 2024] [php:error] [pid 14540:tid 1916] [client ::1:56786] PHP Fatal error:  Uncaught Error: Failed opening required 'footer.php' (include_path='C:\\xampp\\php\\PEAR') in C:\\xampp\\htdocs\\E_com\\index.php:61\nStack trace:\n#0 {main}\n  thrown in C:\\xampp\\htdocs\\E_com\\index.php on line 61
[Sat Jan 27 16:56:35.415396 2024] [php:warn] [pid 14540:tid 1916] [client ::1:57032] PHP Warning:  Undefined array key "cid" in C:\\xampp\\htdocs\\E_com\\index.php on line 39
[Sat Jan 27 17:10:11.428804 2024] [php:error] [pid 14540:tid 1900] [client ::1:57340] PHP Fatal error:  Uncaught mysqli_sql_exception: Table 'e_com.category' doesn't exist in C:\\xampp\\htdocs\\E_com\\header.php:4\nStack trace:\n#0 C:\\xampp\\htdocs\\E_com\\header.php(4): mysqli_query(Object(mysqli), 'SELECT * FROM c...')\n#1 C:\\xampp\\htdocs\\E_com\\index.php(2): require_once('C:\\\\xampp\\\\htdocs...')\n#2 {main}\n  thrown in C:\\xampp\\htdocs\\E_com\\header.php on line 4
[Sun Jan 28 20:12:47.992404 2024] [ssl:warn] [pid 15732:tid 368] AH01909: www.example.com:443:0 server certificate does NOT include an ID which matches the server name
[Sun Jan 28 20:12:48.022506 2024] [core:warn] [pid 15732:tid 368] AH00098: pid file C:/xampp/apache/logs/httpd.pid overwritten -- Unclean shutdown of previous Apache run?
[Sun Jan 28 20:12:48.032350 2024] [ssl:warn] [pid 15732:tid 368] AH01909: www.example.com:443:0 server certificate does NOT include an ID which matches the server name
[Sun Jan 28 20:12:48.077463 2024] [mpm_winnt:notice] [pid 15732:tid 368] AH00455: Apache/2.4.58 (Win64) OpenSSL/3.1.3 PHP/8.2.12 configured -- resuming normal operations
[Sun Jan 28 20:12:48.077463 2024] [mpm_winnt:notice] [pid 15732:tid 368] AH00456: Apache Lounge VS17 Server built: Oct 18 2023 13:03:18
[Sun Jan 28 20:12:48.077463 2024] [core:notice] [pid 15732:tid 368] AH00094: Command line: 'c:\\xampp\\apache\\bin\\httpd.exe -d C:/xampp/apache'
[Sun Jan 28 20:12:48.077463 2024] [mpm_winnt:notice] [pid 15732:tid 368] AH00418: Parent: Created child process 15792
[Sun Jan 28 20:12:48.352614 2024] [ssl:warn] [pid 15792:tid 356] AH01909: www.example.com:443:0 server certificate does NOT include an ID which matches the server name
[Sun Jan 28 20:12:48.382675 2024] [ssl:warn] [pid 15792:tid 356] AH01909: www.example.com:443:0 server certificate does NOT include an ID which matches the server name
[Sun Jan 28 20:12:48.422316 2024] [mpm_winnt:notice] [pid 15792:tid 356] AH00354: Child: Starting 150 worker threads.
[Sun Jan 28 20:15:06.371190 2024] [ssl:warn] [pid 13448:tid 368] AH01909: www.example.com:443:0 server certificate does NOT include an ID which matches the server name
[Sun Jan 28 20:15:06.392244 2024] [core:warn] [pid 13448:tid 368] AH00098: pid file C:/xampp/apache/logs/httpd.pid overwritten -- Unclean shutdown of previous Apache run?
[Sun Jan 28 20:15:06.402671 2024] [ssl:warn] [pid 13448:tid 368] AH01909: www.example.com:443:0 server certificate does NOT include an ID which matches the server name
[Sun Jan 28 20:15:06.434330 2024] [mpm_winnt:notice] [pid 13448:tid 368] AH00455: Apache/2.4.58 (Win64) OpenSSL/3.1.3 PHP/8.2.12 configured -- resuming normal operations
[Sun Jan 28 20:15:06.434330 2024] [mpm_winnt:notice] [pid 13448:tid 368] AH00456: Apache Lounge VS17 Server built: Oct 18 2023 13:03:18
[Sun Jan 28 20:15:06.434330 2024] [core:notice] [pid 13448:tid 368] AH00094: Command line: 'c:\\xampp\\apache\\bin\\httpd.exe -d C:/xampp/apache'
[Sun Jan 28 20:15:06.434330 2024] [mpm_winnt:notice] [pid 13448:tid 368] AH00418: Parent: Created child process 12280
[Sun Jan 28 20:15:06.692593 2024] [ssl:warn] [pid 12280:tid 356] AH01909: www.example.com:443:0 server certificate does NOT include an ID which matches the server name
[Sun Jan 28 20:15:06.722391 2024] [ssl:warn] [pid 12280:tid 356] AH01909: www.example.com:443:0 server certificate does NOT include an ID which matches the server name
[Sun Jan 28 20:15:06.762801 2024] [mpm_winnt:notice] [pid 12280:tid 356] AH00354: Child: Starting 150 worker threads.
[Sun Jan 28 20:24:03.524974 2024] [php:warn] [pid 12280:tid 1856] [client ::1:60922] PHP Warning:  Undefined variable $news in C:\\xampp\\htdocs\\phoenixnews\\news-details.php on line 27, referer: http://localhost/phoenixnews/
[Sun Jan 28 20:24:03.524974 2024] [php:warn] [pid 12280:tid 1856] [client ::1:60922] PHP Warning:  Trying to access array offset on value of type null in C:\\xampp\\htdocs\\phoenixnews\\news-details.php on line 27, referer: http://localhost/phoenixnews/
[Sun Jan 28 20:45:09.927479 2024] [php:error] [pid 12280:tid 1856] [client ::1:61122] PHP Fatal error:  Uncaught mysqli_sql_exception: Duplicate entry 'Hoodies' for key 'name' in C:\\xampp\\htdocs\\E_com\\admin\\manage-category.php:8\nStack trace:\n#0 C:\\xampp\\htdocs\\E_com\\admin\\manage-category.php(8): mysqli_query(Object(mysqli), 'INSERT INTO cat...')\n#1 {main}\n  thrown in C:\\xampp\\htdocs\\E_com\\admin\\manage-category.php on line 8, referer: http://localhost/E_com/admin/manage-category.php
[Sun Jan 28 20:55:16.486130 2024] [php:error] [pid 12280:tid 1856] [client ::1:61477] PHP Fatal error:  Uncaught mysqli_sql_exception: Duplicate entry 'Hoodies' for key 'name' in C:\\xampp\\htdocs\\E_com\\admin\\manage-category.php:8\nStack trace:\n#0 C:\\xampp\\htdocs\\E_com\\admin\\manage-category.php(8): mysqli_query(Object(mysqli), 'INSERT INTO cat...')\n#1 {main}\n  thrown in C:\\xampp\\htdocs\\E_com\\admin\\manage-category.php on line 8, referer: http://localhost/E_com/admin/manage-category.php
[Sun Jan 28 20:57:10.216082 2024] [php:error] [pid 12280:tid 1856] [client ::1:61479] PHP Fatal error:  Uncaught mysqli_sql_exception: Duplicate entry 'Hoodies' for key 'name' in C:\\xampp\\htdocs\\E_com\\admin\\manage-category.php:8\nStack trace:\n#0 C:\\xampp\\htdocs\\E_com\\admin\\manage-category.php(8): mysqli_query(Object(mysqli), 'INSERT INTO cat...')\n#1 {main}\n  thrown in C:\\xampp\\htdocs\\E_com\\admin\\manage-category.php on line 8, referer: http://localhost/E_com/admin/manage-category.php
[Sun Jan 28 20:57:14.603484 2024] [php:error] [pid 12280:tid 1856] [client ::1:61481] PHP Fatal error:  Uncaught mysqli_sql_exception: Duplicate entry 'Hoodies' for key 'name' in C:\\xampp\\htdocs\\E_com\\admin\\manage-category.php:8\nStack trace:\n#0 C:\\xampp\\htdocs\\E_com\\admin\\manage-category.php(8): mysqli_query(Object(mysqli), 'INSERT INTO cat...')\n#1 {main}\n  thrown in C:\\xampp\\htdocs\\E_com\\admin\\manage-category.php on line 8, referer: http://localhost/E_com/admin/manage-category.php
[Sun Jan 28 20:58:31.193601 2024] [php:warn] [pid 12280:tid 1856] [client ::1:61499] PHP Warning:  Undefined variable $image in C:\\xampp\\htdocs\\E_com\\admin\\manage-category.php on line 7, referer: http://localhost/E_com/admin/manage-category.php
[Sun Jan 28 20:58:31.198188 2024] [php:error] [pid 12280:tid 1856] [client ::1:61499] PHP Fatal error:  Uncaught mysqli_sql_exception: Duplicate entry 'Hoodies' for key 'name' in C:\\xampp\\htdocs\\E_com\\admin\\manage-category.php:8\nStack trace:\n#0 C:\\xampp\\htdocs\\E_com\\admin\\manage-category.php(8): mysqli_query(Object(mysqli), 'INSERT INTO cat...')\n#1 {main}\n  thrown in C:\\xampp\\htdocs\\E_com\\admin\\manage-category.php on line 8, referer: http://localhost/E_com/admin/manage-category.php
[Sun Jan 28 21:00:15.410741 2024] [php:error] [pid 12280:tid 1856] [client ::1:61502] PHP Fatal error:  Uncaught mysqli_sql_exception: Duplicate entry 'Hoodies' for key 'name' in C:\\xampp\\htdocs\\E_com\\admin\\manage-category.php:9\nStack trace:\n#0 C:\\xampp\\htdocs\\E_com\\admin\\manage-category.php(9): mysqli_query(Object(mysqli), 'INSERT INTO cat...')\n#1 {main}\n  thrown in C:\\xampp\\htdocs\\E_com\\admin\\manage-category.php on line 9, referer: http://localhost/E_com/admin/manage-category.php
[Sun Jan 28 21:48:10.359794 2024] [ssl:warn] [pid 15112:tid 356] AH01909: www.example.com:443:0 server certificate does NOT include an ID which matches the server name
[Sun Jan 28 21:48:10.400556 2024] [core:warn] [pid 15112:tid 356] AH00098: pid file C:/xampp/apache/logs/httpd.pid overwritten -- Unclean shutdown of previous Apache run?
[Sun Jan 28 21:48:10.400556 2024] [ssl:warn] [pid 15112:tid 356] AH01909: www.example.com:443:0 server certificate does NOT include an ID which matches the server name
[Sun Jan 28 21:48:10.534091 2024] [mpm_winnt:notice] [pid 15112:tid 356] AH00455: Apache/2.4.58 (Win64) OpenSSL/3.1.3 PHP/8.2.12 configured -- resuming normal operations
[Sun Jan 28 21:48:10.534091 2024] [mpm_winnt:notice] [pid 15112:tid 356] AH00456: Apache Lounge VS17 Server built: Oct 18 2023 13:03:18
[Sun Jan 28 21:48:10.534091 2024] [core:notice] [pid 15112:tid 356] AH00094: Command line: 'c:\\xampp\\apache\\bin\\httpd.exe -d C:/xampp/apache'
[Sun Jan 28 21:48:10.539128 2024] [mpm_winnt:notice] [pid 15112:tid 356] AH00418: Parent: Created child process 15240
[Sun Jan 28 21:48:11.448690 2024] [ssl:warn] [pid 15240:tid 380] AH01909: www.example.com:443:0 server certificate does NOT include an ID which matches the server name
[Sun Jan 28 21:48:11.513997 2024] [ssl:warn] [pid 15240:tid 380] AH01909: www.example.com:443:0 server certificate does NOT include an ID which matches the server name
[Sun Jan 28 21:48:11.589062 2024] [mpm_winnt:notice] [pid 15240:tid 380] AH00354: Child: Starting 150 worker threads.
[Sun Jan 28 21:56:23.239193 2024] [php:warn] [pid 15240:tid 1900] [client ::1:62151] PHP Warning:  Undefined array key "description" in C:\\xampp\\htdocs\\E_com\\admin\\add_news.php on line 11, referer: http://localhost/E_com/admin/add_news.php
[Sun Jan 28 21:57:50.933464 2024] [php:warn] [pid 15240:tid 1900] [client ::1:62156] PHP Warning:  Undefined array key "description" in C:\\xampp\\htdocs\\E_com\\admin\\add_news.php on line 11, referer: http://localhost/E_com/admin/add_news.php
[Sun Jan 28 22:05:16.517465 2024] [php:warn] [pid 15240:tid 1900] [client ::1:62208] PHP Warning:  Undefined variable $category in C:\\xampp\\htdocs\\E_com\\index.php on line 42, referer: http://localhost/E_com/
[Sun Jan 28 22:05:16.517465 2024] [php:warn] [pid 15240:tid 1900] [client ::1:62208] PHP Warning:  Trying to access array offset on value of type null in C:\\xampp\\htdocs\\E_com\\index.php on line 42, referer: http://localhost/E_com/
[Sun Jan 28 22:05:16.517465 2024] [php:warn] [pid 15240:tid 1900] [client ::1:62208] PHP Warning:  Undefined variable $category in C:\\xampp\\htdocs\\E_com\\index.php on line 44, referer: http://localhost/E_com/
[Sun Jan 28 22:05:16.517465 2024] [php:warn] [pid 15240:tid 1900] [client ::1:62208] PHP Warning:  Trying to access array offset on value of type null in C:\\xampp\\htdocs\\E_com\\index.php on line 44, referer: http://localhost/E_com/
[Sun Jan 28 22:05:16.517465 2024] [php:warn] [pid 15240:tid 1900] [client ::1:62208] PHP Warning:  Undefined variable $category in C:\\xampp\\htdocs\\E_com\\index.php on line 45, referer: http://localhost/E_com/
[Sun Jan 28 22:05:16.517465 2024] [php:warn] [pid 15240:tid 1900] [client ::1:62208] PHP Warning:  Trying to access array offset on value of type null in C:\\xampp\\htdocs\\E_com\\index.php on line 45, referer: http://localhost/E_com/
[Sun Jan 28 22:05:16.517465 2024] [php:warn] [pid 15240:tid 1900] [client ::1:62208] PHP Warning:  Undefined variable $category in C:\\xampp\\htdocs\\E_com\\index.php on line 42, referer: http://localhost/E_com/
[Sun Jan 28 22:05:16.517465 2024] [php:warn] [pid 15240:tid 1900] [client ::1:62208] PHP Warning:  Trying to access array offset on value of type null in C:\\xampp\\htdocs\\E_com\\index.php on line 42, referer: http://localhost/E_com/
[Sun Jan 28 22:05:16.517465 2024] [php:warn] [pid 15240:tid 1900] [client ::1:62208] PHP Warning:  Undefined variable $category in C:\\xampp\\htdocs\\E_com\\index.php on line 44, referer: http://localhost/E_com/
[Sun Jan 28 22:05:16.517465 2024] [php:warn] [pid 15240:tid 1900] [client ::1:62208] PHP Warning:  Trying to access array offset on value of type null in C:\\xampp\\htdocs\\E_com\\index.php on line 44, referer: http://localhost/E_com/
[Sun Jan 28 22:05:16.517465 2024] [php:warn] [pid 15240:tid 1900] [client ::1:62208] PHP Warning:  Undefined variable $category in C:\\xampp\\htdocs\\E_com\\index.php on line 45, referer: http://localhost/E_com/
[Sun Jan 28 22:05:16.517465 2024] [php:warn] [pid 15240:tid 1900] [client ::1:62208] PHP Warning:  Trying to access array offset on value of type null in C:\\xampp\\htdocs\\E_com\\index.php on line 45, referer: http://localhost/E_com/
[Sun Jan 28 22:05:19.539237 2024] [php:warn] [pid 15240:tid 1900] [client ::1:62210] PHP Warning:  Undefined variable $category in C:\\xampp\\htdocs\\E_com\\index.php on line 42, referer: http://localhost/E_com/index.php
[Sun Jan 28 22:05:19.542692 2024] [php:warn] [pid 15240:tid 1900] [client ::1:62210] PHP Warning:  Trying to access array offset on value of type null in C:\\xampp\\htdocs\\E_com\\index.php on line 42, referer: http://localhost/E_com/index.php
[Sun Jan 28 22:05:19.542692 2024] [php:warn] [pid 15240:tid 1900] [client ::1:62210] PHP Warning:  Undefined variable $category in C:\\xampp\\htdocs\\E_com\\index.php on line 44, referer: http://localhost/E_com/index.php
[Sun Jan 28 22:05:19.542692 2024] [php:warn] [pid 15240:tid 1900] [client ::1:62210] PHP Warning:  Trying to access array offset on value of type null in C:\\xampp\\htdocs\\E_com\\index.php on line 44, referer: http://localhost/E_com/index.php
[Sun Jan 28 22:05:19.542692 2024] [php:warn] [pid 15240:tid 1900] [client ::1:62210] PHP Warning:  Undefined variable $category in C:\\xampp\\htdocs\\E_com\\index.php on line 45, referer: http://localhost/E_com/index.php
[Sun Jan 28 22:05:19.542692 2024] [php:warn] [pid 15240:tid 1900] [client ::1:62210] PHP Warning:  Trying to access array offset on value of type null in C:\\xampp\\htdocs\\E_com\\index.php on line 45, referer: http://localhost/E_com/index.php
[Sun Jan 28 22:05:19.542692 2024] [php:warn] [pid 15240:tid 1900] [client ::1:62210] PHP Warning:  Undefined variable $category in C:\\xampp\\htdocs\\E_com\\index.php on line 42, referer: http://localhost/E_com/index.php
[Sun Jan 28 22:05:19.544315 2024] [php:warn] [pid 15240:tid 1900] [client ::1:62210] PHP Warning:  Trying to access array offset on value of type null in C:\\xampp\\htdocs\\E_com\\index.php on line 42, referer: http://localhost/E_com/index.php
[Sun Jan 28 22:05:19.544315 2024] [php:warn] [pid 15240:tid 1900] [client ::1:62210] PHP Warning:  Undefined variable $category in C:\\xampp\\htdocs\\E_com\\index.php on line 44, referer: http://localhost/E_com/index.php
[Sun Jan 28 22:05:19.544315 2024] [php:warn] [pid 15240:tid 1900] [client ::1:62210] PHP Warning:  Trying to access array offset on value of type null in C:\\xampp\\htdocs\\E_com\\index.php on line 44, referer: http://localhost/E_com/index.php
[Sun Jan 28 22:05:19.544315 2024] [php:warn] [pid 15240:tid 1900] [client ::1:62210] PHP Warning:  Undefined variable $category in C:\\xampp\\htdocs\\E_com\\index.php on line 45, referer: http://localhost/E_com/index.php
[Sun Jan 28 22:05:19.544315 2024] [php:warn] [pid 15240:tid 1900] [client ::1:62210] PHP Warning:  Trying to access array offset on value of type null in C:\\xampp\\htdocs\\E_com\\index.php on line 45, referer: http://localhost/E_com/index.php
[Sun Jan 28 22:05:24.764684 2024] [php:warn] [pid 15240:tid 1900] [client ::1:62212] PHP Warning:  Undefined variable $category in C:\\xampp\\htdocs\\E_com\\index.php on line 42, referer: http://localhost/E_com/index.php
[Sun Jan 28 22:05:24.764684 2024] [php:warn] [pid 15240:tid 1900] [client ::1:62212] PHP Warning:  Trying to access array offset on value of type null in C:\\xampp\\htdocs\\E_com\\index.php on line 42, referer: http://localhost/E_com/index.php
[Sun Jan 28 22:05:24.764684 2024] [php:warn] [pid 15240:tid 1900] [client ::1:62212] PHP Warning:  Undefined variable $category in C:\\xampp\\htdocs\\E_com\\index.php on line 44, referer: http://localhost/E_com/index.php
[Sun Jan 28 22:05:24.764684 2024] [php:warn] [pid 15240:tid 1900] [client ::1:62212] PHP Warning:  Trying to access array offset on value of type null in C:\\xampp\\htdocs\\E_com\\index.php on line 44, referer: http://localhost/E_com/index.php
[Sun Jan 28 22:05:24.764684 2024] [php:warn] [pid 15240:tid 1900] [client ::1:62212] PHP Warning:  Undefined variable $category in C:\\xampp\\htdocs\\E_com\\index.php on line 45, referer: http://localhost/E_com/index.php
[Sun Jan 28 22:05:24.764684 2024] [php:warn] [pid 15240:tid 1900] [client ::1:62212] PHP Warning:  Trying to access array offset on value of type null in C:\\xampp\\htdocs\\E_com\\index.php on line 45, referer: http://localhost/E_com/index.php
[Sun Jan 28 22:05:24.764684 2024] [php:warn] [pid 15240:tid 1900] [client ::1:62212] PHP Warning:  Undefined variable $category in C:\\xampp\\htdocs\\E_com\\index.php on line 42, referer: http://localhost/E_com/index.php
[Sun Jan 28 22:05:24.764684 2024] [php:warn] [pid 15240:tid 1900] [client ::1:62212] PHP Warning:  Trying to access array offset on value of type null in C:\\xampp\\htdocs\\E_com\\index.php on line 42, referer: http://localhost/E_com/index.php
[Sun Jan 28 22:05:24.764684 2024] [php:warn] [pid 15240:tid 1900] [client ::1:62212] PHP Warning:  Undefined variable $category in C:\\xampp\\htdocs\\E_com\\index.php on line 44, referer: http://localhost/E_com/index.php
[Sun Jan 28 22:05:24.764684 2024] [php:warn] [pid 15240:tid 1900] [client ::1:62212] PHP Warning:  Trying to access array offset on value of type null in C:\\xampp\\htdocs\\E_com\\index.php on line 44, referer: http://localhost/E_com/index.php
[Sun Jan 28 22:05:24.764684 2024] [php:warn] [pid 15240:tid 1900] [client ::1:62212] PHP Warning:  Undefined variable $category in C:\\xampp\\htdocs\\E_com\\index.php on line 45, referer: http://localhost/E_com/index.php
[Sun Jan 28 22:05:24.764684 2024] [php:warn] [pid 15240:tid 1900] [client ::1:62212] PHP Warning:  Trying to access array offset on value of type null in C:\\xampp\\htdocs\\E_com\\index.php on line 45, referer: http://localhost/E_com/index.php
[Sun Jan 28 22:05:29.290834 2024] [php:warn] [pid 15240:tid 1900] [client ::1:62214] PHP Warning:  Undefined variable $category in C:\\xampp\\htdocs\\E_com\\index.php on line 42, referer: http://localhost/E_com/index.php
[Sun Jan 28 22:05:29.290834 2024] [php:warn] [pid 15240:tid 1900] [client ::1:62214] PHP Warning:  Trying to access array offset on value of type null in C:\\xampp\\htdocs\\E_com\\index.php on line 42, referer: http://localhost/E_com/index.php
[Sun Jan 28 22:05:29.290834 2024] [php:warn] [pid 15240:tid 1900] [client ::1:62214] PHP Warning:  Undefined variable $category in C:\\xampp\\htdocs\\E_com\\index.php on line 44, referer: http://localhost/E_com/index.php
[Sun Jan 28 22:05:29.290834 2024] [php:warn] [pid 15240:tid 1900] [client ::1:62214] PHP Warning:  Trying to access array offset on value of type null in C:\\xampp\\htdocs\\E_com\\index.php on line 44, referer: http://localhost/E_com/index.php
[Sun Jan 28 22:05:29.290834 2024] [php:warn] [pid 15240:tid 1900] [client ::1:62214] PHP Warning:  Undefined variable $category in C:\\xampp\\htdocs\\E_com\\index.php on line 45, referer: http://localhost/E_com/index.php
[Sun Jan 28 22:05:29.290834 2024] [php:warn] [pid 15240:tid 1900] [client ::1:62214] PHP Warning:  Trying to access array offset on value of type null in C:\\xampp\\htdocs\\E_com\\index.php on line 45, referer: http://localhost/E_com/index.php
[Sun Jan 28 22:05:29.290834 2024] [php:warn] [pid 15240:tid 1900] [client ::1:62214] PHP Warning:  Undefined variable $category in C:\\xampp\\htdocs\\E_com\\index.php on line 42, referer: http://localhost/E_com/index.php
[Sun Jan 28 22:05:29.290834 2024] [php:warn] [pid 15240:tid 1900] [client ::1:62214] PHP Warning:  Trying to access array offset on value of type null in C:\\xampp\\htdocs\\E_com\\index.php on line 42, referer: http://localhost/E_com/index.php
[Sun Jan 28 22:05:29.290834 2024] [php:warn] [pid 15240:tid 1900] [client ::1:62214] PHP Warning:  Undefined variable $category in C:\\xampp\\htdocs\\E_com\\index.php on line 44, referer: http://localhost/E_com/index.php
[Sun Jan 28 22:05:29.290834 2024] [php:warn] [pid 15240:tid 1900] [client ::1:62214] PHP Warning:  Trying to access array offset on value of type null in C:\\xampp\\htdocs\\E_com\\index.php on line 44, referer: http://localhost/E_com/index.php
[Sun Jan 28 22:05:29.290834 2024] [php:warn] [pid 15240:tid 1900] [client ::1:62214] PHP Warning:  Undefined variable $category in C:\\xampp\\htdocs\\E_com\\index.php on line 45, referer: http://localhost/E_com/index.php
[Sun Jan 28 22:05:29.290834 2024] [php:warn] [pid 15240:tid 1900] [client ::1:62214] PHP Warning:  Trying to access array offset on value of type null in C:\\xampp\\htdocs\\E_com\\index.php on line 45, referer: http://localhost/E_com/index.php
[Sun Jan 28 22:05:30.258397 2024] [php:warn] [pid 15240:tid 1900] [client ::1:62214] PHP Warning:  Undefined variable $category in C:\\xampp\\htdocs\\E_com\\index.php on line 42, referer: http://localhost/E_com/index.php
[Sun Jan 28 22:05:30.258397 2024] [php:warn] [pid 15240:tid 1900] [client ::1:62214] PHP Warning:  Trying to access array offset on value of type null in C:\\xampp\\htdocs\\E_com\\index.php on line 42, referer: http://localhost/E_com/index.php
[Sun Jan 28 22:05:30.258397 2024] [php:warn] [pid 15240:tid 1900] [client ::1:62214] PHP Warning:  Undefined variable $category in C:\\xampp\\htdocs\\E_com\\index.php on line 44, referer: http://localhost/E_com/index.php
[Sun Jan 28 22:05:30.258397 2024] [php:warn] [pid 15240:tid 1900] [client ::1:62214] PHP Warning:  Trying to access array offset on value of type null in C:\\xampp\\htdocs\\E_com\\index.php on line 44, referer: http://localhost/E_com/index.php
[Sun Jan 28 22:05:30.258397 2024] [php:warn] [pid 15240:tid 1900] [client ::1:62214] PHP Warning:  Undefined variable $category in C:\\xampp\\htdocs\\E_com\\index.php on line 45, referer: http://localhost/E_com/index.php
[Sun Jan 28 22:05:30.258397 2024] [php:warn] [pid 15240:tid 1900] [client ::1:62214] PHP Warning:  Trying to access array offset on value of type null in C:\\xampp\\htdocs\\E_com\\index.php on line 45, referer: http://localhost/E_com/index.php
[Sun Jan 28 22:05:30.258397 2024] [php:warn] [pid 15240:tid 1900] [client ::1:62214] PHP Warning:  Undefined variable $category in C:\\xampp\\htdocs\\E_com\\index.php on line 42, referer: http://localhost/E_com/index.php
[Sun Jan 28 22:05:30.258397 2024] [php:warn] [pid 15240:tid 1900] [client ::1:62214] PHP Warning:  Trying to access array offset on value of type null in C:\\xampp\\htdocs\\E_com\\index.php on line 42, referer: http://localhost/E_com/index.php
[Sun Jan 28 22:05:30.258397 2024] [php:warn] [pid 15240:tid 1900] [client ::1:62214] PHP Warning:  Undefined variable $category in C:\\xampp\\htdocs\\E_com\\index.php on line 44, referer: http://localhost/E_com/index.php
[Sun Jan 28 22:05:30.258397 2024] [php:warn] [pid 15240:tid 1900] [client ::1:62214] PHP Warning:  Trying to access array offset on value of type null in C:\\xampp\\htdocs\\E_com\\index.php on line 44, referer: http://localhost/E_com/index.php
[Sun Jan 28 22:05:30.258397 2024] [php:warn] [pid 15240:tid 1900] [client ::1:62214] PHP Warning:  Undefined variable $category in C:\\xampp\\htdocs\\E_com\\index.php on line 45, referer: http://localhost/E_com/index.php
[Sun Jan 28 22:05:30.258397 2024] [php:warn] [pid 15240:tid 1900] [client ::1:62214] PHP Warning:  Trying to access array offset on value of type null in C:\\xampp\\htdocs\\E_com\\index.php on line 45, referer: http://localhost/E_com/index.php
[Sun Jan 28 22:05:35.555608 2024] [php:warn] [pid 15240:tid 1900] [client ::1:62217] PHP Warning:  Undefined variable $category in C:\\xampp\\htdocs\\E_com\\index.php on line 42
[Sun Jan 28 22:05:35.557410 2024] [php:warn] [pid 15240:tid 1900] [client ::1:62217] PHP Warning:  Trying to access array offset on value of type null in C:\\xampp\\htdocs\\E_com\\index.php on line 42
[Sun Jan 28 22:05:35.557410 2024] [php:warn] [pid 15240:tid 1900] [client ::1:62217] PHP Warning:  Undefined variable $category in C:\\xampp\\htdocs\\E_com\\index.php on line 44
[Sun Jan 28 22:05:35.557410 2024] [php:warn] [pid 15240:tid 1900] [client ::1:62217] PHP Warning:  Trying to access array offset on value of type null in C:\\xampp\\htdocs\\E_com\\index.php on line 44
[Sun Jan 28 22:05:35.559482 2024] [php:warn] [pid 15240:tid 1900] [client ::1:62217] PHP Warning:  Undefined variable $category in C:\\xampp\\htdocs\\E_com\\index.php on line 45
[Sun Jan 28 22:05:35.560031 2024] [php:warn] [pid 15240:tid 1900] [client ::1:62217] PHP Warning:  Trying to access array offset on value of type null in C:\\xampp\\htdocs\\E_com\\index.php on line 45
[Sun Jan 28 22:05:35.560031 2024] [php:warn] [pid 15240:tid 1900] [client ::1:62217] PHP Warning:  Undefined variable $category in C:\\xampp\\htdocs\\E_com\\index.php on line 42
[Sun Jan 28 22:05:35.560031 2024] [php:warn] [pid 15240:tid 1900] [client ::1:62217] PHP Warning:  Trying to access array offset on value of type null in C:\\xampp\\htdocs\\E_com\\index.php on line 42
[Sun Jan 28 22:05:35.560031 2024] [php:warn] [pid 15240:tid 1900] [client ::1:62217] PHP Warning:  Undefined variable $category in C:\\xampp\\htdocs\\E_com\\index.php on line 44
[Sun Jan 28 22:05:35.561814 2024] [php:warn] [pid 15240:tid 1900] [client ::1:62217] PHP Warning:  Trying to access array offset on value of type null in C:\\xampp\\htdocs\\E_com\\index.php on line 44
[Sun Jan 28 22:05:35.561814 2024] [php:warn] [pid 15240:tid 1900] [client ::1:62217] PHP Warning:  Undefined variable $category in C:\\xampp\\htdocs\\E_com\\index.php on line 45
[Sun Jan 28 22:05:35.561814 2024] [php:warn] [pid 15240:tid 1900] [client ::1:62217] PHP Warning:  Trying to access array offset on value of type null in C:\\xampp\\htdocs\\E_com\\index.php on line 45
[Sun Jan 28 22:05:37.553664 2024] [php:warn] [pid 15240:tid 1900] [client ::1:62219] PHP Warning:  Undefined variable $category in C:\\xampp\\htdocs\\E_com\\index.php on line 42
[Sun Jan 28 22:05:37.553664 2024] [php:warn] [pid 15240:tid 1900] [client ::1:62219] PHP Warning:  Trying to access array offset on value of type null in C:\\xampp\\htdocs\\E_com\\index.php on line 42
[Sun Jan 28 22:05:37.553664 2024] [php:warn] [pid 15240:tid 1900] [client ::1:62219] PHP Warning:  Undefined variable $category in C:\\xampp\\htdocs\\E_com\\index.php on line 44
[Sun Jan 28 22:05:37.553664 2024] [php:warn] [pid 15240:tid 1900] [client ::1:62219] PHP Warning:  Trying to access array offset on value of type null in C:\\xampp\\htdocs\\E_com\\index.php on line 44
[Sun Jan 28 22:05:37.553664 2024] [php:warn] [pid 15240:tid 1900] [client ::1:62219] PHP Warning:  Undefined variable $category in C:\\xampp\\htdocs\\E_com\\index.php on line 45
[Sun Jan 28 22:05:37.553664 2024] [php:warn] [pid 15240:tid 1900] [client ::1:62219] PHP Warning:  Trying to access array offset on value of type null in C:\\xampp\\htdocs\\E_com\\index.php on line 45
[Sun Jan 28 22:05:37.553664 2024] [php:warn] [pid 15240:tid 1900] [client ::1:62219] PHP Warning:  Undefined variable $category in C:\\xampp\\htdocs\\E_com\\index.php on line 42
[Sun Jan 28 22:05:37.553664 2024] [php:warn] [pid 15240:tid 1900] [client ::1:62219] PHP Warning:  Trying to access array offset on value of type null in C:\\xampp\\htdocs\\E_com\\index.php on line 42
[Sun Jan 28 22:05:37.553664 2024] [php:warn] [pid 15240:tid 1900] [client ::1:62219] PHP Warning:  Undefined variable $category in C:\\xampp\\htdocs\\E_com\\index.php on line 44
[Sun Jan 28 22:05:37.553664 2024] [php:warn] [pid 15240:tid 1900] [client ::1:62219] PHP Warning:  Trying to access array offset on value of type null in C:\\xampp\\htdocs\\E_com\\index.php on line 44
[Sun Jan 28 22:05:37.553664 2024] [php:warn] [pid 15240:tid 1900] [client ::1:62219] PHP Warning:  Undefined variable $category in C:\\xampp\\htdocs\\E_com\\index.php on line 45
[Sun Jan 28 22:05:37.553664 2024] [php:warn] [pid 15240:tid 1900] [client ::1:62219] PHP Warning:  Trying to access array offset on value of type null in C:\\xampp\\htdocs\\E_com\\index.php on line 45
[Sun Jan 28 22:08:20.052054 2024] [ssl:warn] [pid 19428:tid 368] AH01909: www.example.com:443:0 server certificate does NOT include an ID which matches the server name
[Sun Jan 28 22:08:20.098868 2024] [core:warn] [pid 19428:tid 368] AH00098: pid file C:/xampp/apache/logs/httpd.pid overwritten -- Unclean shutdown of previous Apache run?
[Sun Jan 28 22:08:20.098868 2024] [ssl:warn] [pid 19428:tid 368] AH01909: www.example.com:443:0 server certificate does NOT include an ID which matches the server name
[Sun Jan 28 22:08:20.145801 2024] [mpm_winnt:notice] [pid 19428:tid 368] AH00455: Apache/2.4.58 (Win64) OpenSSL/3.1.3 PHP/8.2.12 configured -- resuming normal operations
[Sun Jan 28 22:08:20.145801 2024] [mpm_winnt:notice] [pid 19428:tid 368] AH00456: Apache Lounge VS17 Server built: Oct 18 2023 13:03:18
[Sun Jan 28 22:08:20.145801 2024] [core:notice] [pid 19428:tid 368] AH00094: Command line: 'c:\\xampp\\apache\\bin\\httpd.exe -d C:/xampp/apache'
[Sun Jan 28 22:08:20.145801 2024] [mpm_winnt:notice] [pid 19428:tid 368] AH00418: Parent: Created child process 19432
[Sun Jan 28 22:08:20.536776 2024] [ssl:warn] [pid 19432:tid 364] AH01909: www.example.com:443:0 server certificate does NOT include an ID which matches the server name
[Sun Jan 28 22:08:20.583668 2024] [ssl:warn] [pid 19432:tid 364] AH01909: www.example.com:443:0 server certificate does NOT include an ID which matches the server name
[Sun Jan 28 22:08:20.630643 2024] [mpm_winnt:notice] [pid 19432:tid 364] AH00354: Child: Starting 150 worker threads.
[Sun Jan 28 22:08:25.302664 2024] [php:warn] [pid 19432:tid 1908] [client ::1:64761] PHP Warning:  Undefined variable $category in C:\\xampp\\htdocs\\E_com\\index.php on line 42
[Sun Jan 28 22:08:25.302664 2024] [php:warn] [pid 19432:tid 1908] [client ::1:64761] PHP Warning:  Trying to access array offset on value of type null in C:\\xampp\\htdocs\\E_com\\index.php on line 42
[Sun Jan 28 22:08:25.302664 2024] [php:warn] [pid 19432:tid 1908] [client ::1:64761] PHP Warning:  Undefined variable $category in C:\\xampp\\htdocs\\E_com\\index.php on line 44
[Sun Jan 28 22:08:25.302664 2024] [php:warn] [pid 19432:tid 1908] [client ::1:64761] PHP Warning:  Trying to access array offset on value of type null in C:\\xampp\\htdocs\\E_com\\index.php on line 44
[Sun Jan 28 22:08:25.302664 2024] [php:warn] [pid 19432:tid 1908] [client ::1:64761] PHP Warning:  Undefined variable $category in C:\\xampp\\htdocs\\E_com\\index.php on line 45
[Sun Jan 28 22:08:25.302664 2024] [php:warn] [pid 19432:tid 1908] [client ::1:64761] PHP Warning:  Trying to access array offset on value of type null in C:\\xampp\\htdocs\\E_com\\index.php on line 45
[Sun Jan 28 22:08:26.601981 2024] [php:warn] [pid 19432:tid 1908] [client ::1:64761] PHP Warning:  Undefined variable $category in C:\\xampp\\htdocs\\E_com\\index.php on line 42
[Sun Jan 28 22:08:26.601981 2024] [php:warn] [pid 19432:tid 1908] [client ::1:64761] PHP Warning:  Trying to access array offset on value of type null in C:\\xampp\\htdocs\\E_com\\index.php on line 42
[Sun Jan 28 22:08:26.601981 2024] [php:warn] [pid 19432:tid 1908] [client ::1:64761] PHP Warning:  Undefined variable $category in C:\\xampp\\htdocs\\E_com\\index.php on line 44
[Sun Jan 28 22:08:26.601981 2024] [php:warn] [pid 19432:tid 1908] [client ::1:64761] PHP Warning:  Trying to access array offset on value of type null in C:\\xampp\\htdocs\\E_com\\index.php on line 44
[Sun Jan 28 22:08:26.601981 2024] [php:warn] [pid 19432:tid 1908] [client ::1:64761] PHP Warning:  Undefined variable $category in C:\\xampp\\htdocs\\E_com\\index.php on line 45
[Sun Jan 28 22:08:26.601981 2024] [php:warn] [pid 19432:tid 1908] [client ::1:64761] PHP Warning:  Trying to access array offset on value of type null in C:\\xampp\\htdocs\\E_com\\index.php on line 45
[Sun Jan 28 22:08:27.191155 2024] [php:warn] [pid 19432:tid 1908] [client ::1:64761] PHP Warning:  Undefined variable $category in C:\\xampp\\htdocs\\E_com\\index.php on line 42
[Sun Jan 28 22:08:27.378551 2024] [php:warn] [pid 19432:tid 1908] [client ::1:64761] PHP Warning:  Trying to access array offset on value of type null in C:\\xampp\\htdocs\\E_com\\index.php on line 42
[Sun Jan 28 22:08:27.378551 2024] [php:warn] [pid 19432:tid 1908] [client ::1:64761] PHP Warning:  Undefined variable $category in C:\\xampp\\htdocs\\E_com\\index.php on line 44
[Sun Jan 28 22:08:27.378551 2024] [php:warn] [pid 19432:tid 1908] [client ::1:64761] PHP Warning:  Trying to access array offset on value of type null in C:\\xampp\\htdocs\\E_com\\index.php on line 44
[Sun Jan 28 22:08:27.378551 2024] [php:warn] [pid 19432:tid 1908] [client ::1:64761] PHP Warning:  Undefined variable $category in C:\\xampp\\htdocs\\E_com\\index.php on line 45
[Sun Jan 28 22:08:27.378551 2024] [php:warn] [pid 19432:tid 1908] [client ::1:64761] PHP Warning:  Trying to access array offset on value of type null in C:\\xampp\\htdocs\\E_com\\index.php on line 45
[Sun Jan 28 22:10:47.112409 2024] [php:warn] [pid 19432:tid 1908] [client ::1:64785] PHP Warning:  Trying to access array offset on value of type null in C:\\xampp\\htdocs\\E_com\\news-details.php on line 16, referer: http://localhost/E_com/
[Sun Jan 28 22:10:47.112409 2024] [php:warn] [pid 19432:tid 1908] [client ::1:64785] PHP Warning:  Trying to access array offset on value of type null in C:\\xampp\\htdocs\\E_com\\news-details.php on line 17, referer: http://localhost/E_com/
[Sun Jan 28 22:10:47.112409 2024] [php:warn] [pid 19432:tid 1908] [client ::1:64785] PHP Warning:  Trying to access array offset on value of type null in C:\\xampp\\htdocs\\E_com\\news-details.php on line 19, referer: http://localhost/E_com/
[Sun Jan 28 22:17:58.268869 2024] [php:warn] [pid 19432:tid 1908] [client ::1:64814] PHP Warning:  Undefined array key "nid" in C:\\xampp\\htdocs\\E_com\\news-details.php on line 4, referer: http://localhost/E_com/
[Sun Jan 28 22:17:58.268869 2024] [php:warn] [pid 19432:tid 1908] [client ::1:64814] PHP Warning:  Trying to access array offset on value of type null in C:\\xampp\\htdocs\\E_com\\news-details.php on line 16, referer: http://localhost/E_com/
[Sun Jan 28 22:17:58.268869 2024] [php:warn] [pid 19432:tid 1908] [client ::1:64814] PHP Warning:  Trying to access array offset on value of type null in C:\\xampp\\htdocs\\E_com\\news-details.php on line 17, referer: http://localhost/E_com/
[Sun Jan 28 22:17:58.268869 2024] [php:warn] [pid 19432:tid 1908] [client ::1:64814] PHP Warning:  Trying to access array offset on value of type null in C:\\xampp\\htdocs\\E_com\\news-details.php on line 19, referer: http://localhost/E_com/
[Sun Jan 28 22:18:17.381201 2024] [php:warn] [pid 19432:tid 1908] [client ::1:64821] PHP Warning:  Undefined array key "nid" in C:\\xampp\\htdocs\\E_com\\news-details.php on line 4, referer: http://localhost/E_com/
[Sun Jan 28 22:18:17.384996 2024] [php:warn] [pid 19432:tid 1908] [client ::1:64821] PHP Warning:  Trying to access array offset on value of type null in C:\\xampp\\htdocs\\E_com\\news-details.php on line 16, referer: http://localhost/E_com/
[Sun Jan 28 22:18:17.388533 2024] [php:warn] [pid 19432:tid 1908] [client ::1:64821] PHP Warning:  Trying to access array offset on value of type null in C:\\xampp\\htdocs\\E_com\\news-details.php on line 17, referer: http://localhost/E_com/
[Sun Jan 28 22:18:17.388533 2024] [php:warn] [pid 19432:tid 1908] [client ::1:64821] PHP Warning:  Trying to access array offset on value of type null in C:\\xampp\\htdocs\\E_com\\news-details.php on line 19, referer: http://localhost/E_com/
[Wed Mar 27 08:08:05.063143 2024] [ssl:warn] [pid 10280:tid 360] AH01909: www.example.com:443:0 server certificate does NOT include an ID which matches the server name
[Wed Mar 27 08:08:05.095404 2024] [core:warn] [pid 10280:tid 360] AH00098: pid file C:/xampp/apache/logs/httpd.pid overwritten -- Unclean shutdown of previous Apache run?
[Wed Mar 27 08:08:05.095404 2024] [ssl:warn] [pid 10280:tid 360] AH01909: www.example.com:443:0 server certificate does NOT include an ID which matches the server name
[Wed Mar 27 08:08:05.204569 2024] [mpm_winnt:notice] [pid 10280:tid 360] AH00455: Apache/2.4.58 (Win64) OpenSSL/3.1.3 PHP/8.2.12 configured -- resuming normal operations
[Wed Mar 27 08:08:05.204569 2024] [mpm_winnt:notice] [pid 10280:tid 360] AH00456: Apache Lounge VS17 Server built: Oct 18 2023 13:03:18
[Wed Mar 27 08:08:05.204569 2024] [core:notice] [pid 10280:tid 360] AH00094: Command line: 'c:\\xampp\\apache\\bin\\httpd.exe -d C:/xampp/apache'
[Wed Mar 27 08:08:05.204569 2024] [mpm_winnt:notice] [pid 10280:tid 360] AH00418: Parent: Created child process 9692
[Wed Mar 27 08:08:05.597517 2024] [ssl:warn] [pid 9692:tid 400] AH01909: www.example.com:443:0 server certificate does NOT include an ID which matches the server name
[Wed Mar 27 08:08:05.644408 2024] [ssl:warn] [pid 9692:tid 400] AH01909: www.example.com:443:0 server certificate does NOT include an ID which matches the server name
[Wed Mar 27 08:08:05.695850 2024] [mpm_winnt:notice] [pid 9692:tid 400] AH00354: Child: Starting 150 worker threads.
[Wed Mar 27 08:08:50.522015 2024] [mpm_winnt:crit] [pid 9692:tid 400] AH02538: Child: Parent process exited abruptly. Child process is ending
[Wed Mar 27 08:11:59.240578 2024] [ssl:warn] [pid 19492:tid 388] AH01909: www.example.com:443:0 server certificate does NOT include an ID which matches the server name
[Wed Mar 27 08:11:59.287457 2024] [core:warn] [pid 19492:tid 388] AH00098: pid file C:/xampp/apache/logs/httpd.pid overwritten -- Unclean shutdown of previous Apache run?
[Wed Mar 27 08:11:59.287457 2024] [ssl:warn] [pid 19492:tid 388] AH01909: www.example.com:443:0 server certificate does NOT include an ID which matches the server name
[Wed Mar 27 08:11:59.349982 2024] [mpm_winnt:notice] [pid 19492:tid 388] AH00455: Apache/2.4.58 (Win64) OpenSSL/3.1.3 PHP/8.2.12 configured -- resuming normal operations
[Wed Mar 27 08:11:59.349982 2024] [mpm_winnt:notice] [pid 19492:tid 388] AH00456: Apache Lounge VS17 Server built: Oct 18 2023 13:03:18
[Wed Mar 27 08:11:59.349982 2024] [core:notice] [pid 19492:tid 388] AH00094: Command line: 'c:\\xampp\\apache\\bin\\httpd.exe -d C:/xampp/apache'
[Wed Mar 27 08:11:59.349982 2024] [mpm_winnt:notice] [pid 19492:tid 388] AH00418: Parent: Created child process 22084
[Wed Mar 27 08:11:59.741082 2024] [ssl:warn] [pid 22084:tid 364] AH01909: www.example.com:443:0 server certificate does NOT include an ID which matches the server name
[Wed Mar 27 08:11:59.787982 2024] [ssl:warn] [pid 22084:tid 364] AH01909: www.example.com:443:0 server certificate does NOT include an ID which matches the server name
[Wed Mar 27 08:11:59.850526 2024] [mpm_winnt:notice] [pid 22084:tid 364] AH00354: Child: Starting 150 worker threads.
[Wed Mar 27 08:12:32.164518 2024] [php:error] [pid 22084:tid 1876] [client ::1:54090] script 'C:/xampp/htdocs/E_com/search.php' not found or unable to stat, referer: http://localhost/E_com/
